22:45:06.771 INFO  [d.f.a.osm.OsmMap] [] - Loading file maps/Altona-Kreis.osm
22:45:06.927 INFO  [d.f.a.osm.OsmMap] [] - Initializing
22:45:06.943 INFO  [d.f.a.osm.OsmMap] [] - Parsing nodes
22:45:07.161 INFO  [d.f.a.osm.OsmMap] [] - 230 nodes parsed in 202 milliseconds
22:45:07.177 INFO  [d.f.a.osm.OsmMap] [] - Parsing ways
22:45:07.583 WARN  [d.f.a.osm.OsmWay] [] - Way 33891761: unknown max speed "5 mph"
22:45:07.583 WARN  [d.f.a.osm.OsmWay] [] - Way 33891763: unknown max speed "5 mph"
22:45:07.614 INFO  [d.f.a.osm.OsmMap] [] - 71 ways parsed in 390 milliseconds
22:45:07.629 INFO  [d.f.a.osm.OsmMap] [] - Computing node ways mapping
22:45:07.895 INFO  [d.f.a.osm.OsmMap] [] - Node ways mapping with 230 elements computed, took 156 ms
22:45:07.973 INFO  [d.f.a.d.DijkstraService] [akka://AntScout/user/antScout/dijkstra] - Initialized
22:45:08.082 INFO  [d.f.a.antnet.AntMap] [] - Preparing
22:45:08.207 INFO  [d.f.a.antnet.AntMap] [] - Computing ant ways data
22:45:08.628 INFO  [d.f.a.antnet.AntMap] [] - 16 ant ways data computed, took 359 ms
22:45:08.659 INFO  [d.f.a.antnet.AntMap] [] - Computing nodes
22:45:08.706 INFO  [d.f.a.antnet.AntMap] [] - 14 nodes computed
22:45:08.768 INFO  [d.f.a.a.AntNodeSupervisor] [akka://AntScout/user/antScout/antNode] - Initializing
22:45:08.894 INFO  [d.f.a.a.AntNodeSupervisor] [akka://AntScout/user/antScout/antNode] - Initialized
22:45:08.972 INFO  [d.f.a.antnet.AntMap] [] - Computing ant ways
22:45:09.206 INFO  [d.f.a.antnet.AntMap] [] - Ant ways computed
22:45:09.253 INFO  [d.f.a.antnet.AntMap] [] - Computing incoming and outgoing ways
22:45:09.378 INFO  [d.f.a.antnet.AntMap] [] - Incoming and outgoing ways computed
22:45:09.393 INFO  [d.f.a.antnet.AntMap] [] - Computing sources and destinations
22:45:09.456 INFO  [d.f.a.antnet.AntMap] [] - 12 sources and 12 destinations computed, took 15 ms
22:45:09.471 INFO  [d.f.a.antnet.JamGen] [akka://AntScout/user/antScout/jamgen] - Initialized
22:45:11.999 WARN  [d.f.a.c.Statistics] [] - Unknown message: CometName(statistics)
22:45:12.311 WARN  [d.f.a.c.UserInterface] [] - Unknown message: CometName(userInterface)
22:45:18.759 INFO  [d.f.a.antnet.JamGen] [akka://AntScout/user/antScout/jamgen] - Stauerzeugung - Zufall: Geschwindigkeit von 25.0 Kilometer pro Stunde für Knoten 4
22:45:19.853 INFO  [d.f.a.antnet.JamGen] [akka://AntScout/user/antScout/jamgen] - Stauerzeugung - Zufall: Geschwindigkeit von 25.0 Kilometer pro Stunde für Knoten 10
22:45:20.858 INFO  [d.f.a.antnet.JamGen] [akka://AntScout/user/antScout/jamgen] - Stauerzeugung - Zufall: Geschwindigkeit von 100.0 Kilometer pro Stunde für Knoten 16
22:45:21.950 INFO  [d.f.a.antnet.JamGen] [akka://AntScout/user/antScout/jamgen] - Stauerzeugung - Zufall: Geschwindigkeit von 100.0 Kilometer pro Stunde für Knoten 5
22:45:23.059 INFO  [d.f.a.antnet.JamGen] [akka://AntScout/user/antScout/jamgen] - Stauerzeugung - Zufall: Geschwindigkeit von 139.99968 Kilometer pro Stunde für Knoten 15
22:45:24.152 INFO  [d.f.a.antnet.JamGen] [akka://AntScout/user/antScout/jamgen] - Stauerzeugung - Zufall: Geschwindigkeit von 50.0 Kilometer pro Stunde für Knoten 5
22:45:25.244 INFO  [d.f.a.antnet.JamGen] [akka://AntScout/user/antScout/jamgen] - Stauerzeugung - Zufall: Geschwindigkeit von 34.99992 Kilometer pro Stunde für Knoten 12
22:45:26.258 INFO  [d.f.a.antnet.JamGen] [akka://AntScout/user/antScout/jamgen] - Stauerzeugung - Zufall: Geschwindigkeit von 25.0 Kilometer pro Stunde für Knoten 3
22:45:27.258 INFO  [d.f.a.antnet.JamGen] [akka://AntScout/user/antScout/jamgen] - Stauerzeugung - Zufall: Geschwindigkeit von 100.0 Kilometer pro Stunde für Knoten 9
22:45:28.350 INFO  [d.f.a.antnet.JamGen] [akka://AntScout/user/antScout/jamgen] - Stauerzeugung - Zufall: Geschwindigkeit von 12.5 Kilometer pro Stunde für Knoten 4
22:45:29.459 INFO  [d.f.a.antnet.JamGen] [akka://AntScout/user/antScout/jamgen] - Stauerzeugung - Zufall: Geschwindigkeit von 69.99984 Kilometer pro Stunde für Knoten 15
22:45:30.551 INFO  [d.f.a.antnet.JamGen] [akka://AntScout/user/antScout/jamgen] - Stauerzeugung - Zufall: Geschwindigkeit von 69.99984 Kilometer pro Stunde für Knoten 12
22:45:31.769 INFO  [d.f.a.antnet.JamGen] [akka://AntScout/user/antScout/jamgen] - Stauerzeugung - Zufall: Geschwindigkeit von 50.0 Kilometer pro Stunde für Knoten 9
22:45:32.284 INFO  [b.liftweb.Boot] [] - Shutting down
22:45:32.347 DEBUG [a.event.EventStream] [EventStream] - shutting down: StandardOutLogger started
22:46:46.857 INFO  [d.f.a.osm.OsmMap] [] - Loading file maps/Altona-Kreis.osm
22:46:46.904 INFO  [d.f.a.osm.OsmMap] [] - Initializing
22:46:46.904 INFO  [d.f.a.osm.OsmMap] [] - Parsing nodes
22:46:46.920 INFO  [d.f.a.osm.OsmMap] [] - 230 nodes parsed in 16 milliseconds
22:46:46.920 INFO  [d.f.a.osm.OsmMap] [] - Parsing ways
22:46:46.920 WARN  [d.f.a.osm.OsmWay] [] - Way 33891761: unknown max speed "5 mph"
22:46:46.920 WARN  [d.f.a.osm.OsmWay] [] - Way 33891763: unknown max speed "5 mph"
22:46:46.935 INFO  [d.f.a.osm.OsmMap] [] - 71 ways parsed in 15 milliseconds
22:46:46.935 INFO  [d.f.a.osm.OsmMap] [] - Computing node ways mapping
22:46:46.951 INFO  [d.f.a.osm.OsmMap] [] - Node ways mapping with 230 elements computed, took 16 ms
22:46:46.951 INFO  [d.f.a.d.DijkstraService] [akka://AntScout/user/antScout/dijkstra] - Initialized
22:46:46.951 INFO  [d.f.a.antnet.AntMap] [] - Preparing
22:46:46.967 INFO  [d.f.a.antnet.AntMap] [] - Computing ant ways data
22:46:46.967 INFO  [d.f.a.antnet.AntMap] [] - 16 ant ways data computed, took 0 ms
22:46:46.967 INFO  [d.f.a.antnet.AntMap] [] - Computing nodes
22:46:46.967 INFO  [d.f.a.antnet.AntMap] [] - 14 nodes computed
22:46:46.967 INFO  [d.f.a.a.AntNodeSupervisor] [akka://AntScout/user/antScout/antNode] - Initializing
22:46:46.967 INFO  [d.f.a.a.AntNodeSupervisor] [akka://AntScout/user/antScout/antNode] - Initialized
22:46:46.982 INFO  [d.f.a.antnet.AntMap] [] - Computing ant ways
22:46:46.998 INFO  [d.f.a.antnet.AntMap] [] - Ant ways computed
22:46:46.998 INFO  [d.f.a.antnet.AntMap] [] - Computing incoming and outgoing ways
22:46:46.998 INFO  [d.f.a.antnet.AntMap] [] - Incoming and outgoing ways computed
22:46:46.998 INFO  [d.f.a.antnet.AntMap] [] - Computing sources and destinations
22:46:46.998 INFO  [d.f.a.antnet.AntMap] [] - 12 sources and 12 destinations computed, took 0 ms
22:46:46.998 INFO  [d.f.a.antnet.JamGen] [akka://AntScout/user/antScout/jamgen] - Initialized
22:46:47.593 WARN  [d.f.a.c.Statistics] [] - Unknown message: CometName(statistics)
22:46:47.593 WARN  [d.f.a.c.Statistics] [] - Unknown message: CometName(statistics)
22:46:47.608 WARN  [d.f.a.c.UserInterface] [] - Unknown message: CometName(userInterface)
22:46:47.608 WARN  [d.f.a.c.UserInterface] [] - Unknown message: CometName(userInterface)
22:46:49.696 WARN  [d.f.a.c.Statistics] [] - Unknown message: CometName(statistics)
22:46:49.696 WARN  [d.f.a.c.UserInterface] [] - Unknown message: CometName(userInterface)
22:46:56.826 INFO  [d.f.a.antnet.JamGen] [akka://AntScout/user/antScout/jamgen] - Stauerzeugung - Zufall: Geschwindigkeit von 25.0 Kilometer pro Stunde für Knoten 10
22:46:58.917 INFO  [d.f.a.antnet.JamGen] [akka://AntScout/user/antScout/jamgen] - Stauerzeugung - Zufall: Geschwindigkeit von 40.00000000000001 Kilometer pro Stunde für Knoten 12
22:47:01.010 INFO  [d.f.a.antnet.JamGen] [akka://AntScout/user/antScout/jamgen] - Stauerzeugung - Zufall: Geschwindigkeit von 35.00000000000001 Kilometer pro Stunde für Knoten 2
22:47:03.022 INFO  [d.f.a.antnet.JamGen] [akka://AntScout/user/antScout/jamgen] - Stauerzeugung - Zufall: Geschwindigkeit von 100.0 Kilometer pro Stunde für Knoten 6
22:47:05.115 INFO  [d.f.a.antnet.JamGen] [akka://AntScout/user/antScout/jamgen] - Stauerzeugung - Zufall: Geschwindigkeit von 71.42857142857142 Kilometer pro Stunde für Knoten 5
22:47:07.222 INFO  [d.f.a.antnet.JamGen] [akka://AntScout/user/antScout/jamgen] - Stauerzeugung - Zufall: Geschwindigkeit von 27.77777777777778 Kilometer pro Stunde für Knoten 10
22:47:09.313 INFO  [d.f.a.antnet.JamGen] [akka://AntScout/user/antScout/jamgen] - Stauerzeugung - Zufall: Geschwindigkeit von 139.99968 Kilometer pro Stunde für Knoten 15
22:47:11.420 INFO  [d.f.a.antnet.JamGen] [akka://AntScout/user/antScout/jamgen] - Stauerzeugung - Zufall: Geschwindigkeit von 71.42857142857142 Kilometer pro Stunde für Knoten 3
22:47:12.699 INFO  [b.liftweb.Boot] [] - Shutting down
22:47:12.715 DEBUG [a.event.EventStream] [EventStream] - shutting down: StandardOutLogger started
22:48:18.596 INFO  [d.f.a.osm.OsmMap] [] - Loading file maps/Altona-Kreis.osm
22:48:18.627 INFO  [d.f.a.osm.OsmMap] [] - Initializing
22:48:18.627 INFO  [d.f.a.osm.OsmMap] [] - Parsing nodes
22:48:18.642 INFO  [d.f.a.osm.OsmMap] [] - 230 nodes parsed in 15 milliseconds
22:48:18.642 INFO  [d.f.a.osm.OsmMap] [] - Parsing ways
22:48:18.658 WARN  [d.f.a.osm.OsmWay] [] - Way 33891761: unknown max speed "5 mph"
22:48:18.658 WARN  [d.f.a.osm.OsmWay] [] - Way 33891763: unknown max speed "5 mph"
22:48:18.674 INFO  [d.f.a.osm.OsmMap] [] - 71 ways parsed in 32 milliseconds
22:48:18.674 INFO  [d.f.a.osm.OsmMap] [] - Computing node ways mapping
22:48:18.689 INFO  [d.f.a.osm.OsmMap] [] - Node ways mapping with 230 elements computed, took 15 ms
22:48:18.689 INFO  [d.f.a.r.RoutingService] [akka://AntScout/user/antScout/routingService] - Initialized
22:48:18.689 INFO  [d.f.a.antnet.AntMap] [] - Preparing
22:48:18.689 INFO  [d.f.a.antnet.AntMap] [] - Computing ant ways data
22:48:18.705 INFO  [d.f.a.antnet.AntMap] [] - 17 ant ways data computed, took 16 ms
22:48:18.705 INFO  [d.f.a.antnet.AntMap] [] - Computing nodes
22:48:18.705 INFO  [d.f.a.antnet.AntMap] [] - 14 nodes computed
22:48:18.705 INFO  [d.f.a.a.AntNodeSupervisor] [akka://AntScout/user/antScout/antNode] - Initializing
22:48:18.705 INFO  [d.f.a.a.AntNodeSupervisor] [akka://AntScout/user/antScout/antNode] - Initialized
22:48:18.705 INFO  [d.f.a.antnet.AntMap] [] - Computing ant ways
22:48:18.736 INFO  [d.f.a.antnet.AntMap] [] - Ant ways computed
22:48:18.736 INFO  [d.f.a.antnet.AntMap] [] - Computing incoming and outgoing ways
22:48:18.736 INFO  [d.f.a.antnet.AntMap] [] - Incoming and outgoing ways computed
22:48:18.736 INFO  [d.f.a.antnet.AntMap] [] - Computing sources and destinations
22:48:18.736 INFO  [d.f.a.antnet.AntMap] [] - 12 sources and 12 destinations computed, took 0 ms
22:48:18.736 INFO  [d.f.a.a.AntNodeSupervisor] [akka://AntScout/user/antScout/antNode] - Initializing nodes
22:48:18.736 INFO  [d.f.a.antnet.JamGen] [akka://AntScout/user/antScout/jamgen] - Initialized
22:48:19.001 INFO  [d.f.a.antnet.AntMap] [] - Calculating shortest paths
22:48:19.705 INFO  [d.f.a.antnet.AntMap] [] - Shortest paths calculated, took 501 ms
22:48:19.970 INFO  [d.f.a.a.AntNodeSupervisor] [akka://AntScout/user/antScout/antNode] - Nodes initialized
22:48:20.704 WARN  [d.f.a.c.Statistics] [] - Unknown message: CometName(statistics)
22:48:20.719 WARN  [d.f.a.c.UserInterface] [] - Unknown message: CometName(userInterface)
22:48:26.379 INFO  [d.f.a.r.RoutingService] [akka://AntScout/user/antScout/routingService] - PathfindingRouting
22:48:26.457 INFO  [d.f.a.antnet.JamGen] [akka://AntScout/user/antScout/jamgen] - Stauerzeugung - Laden: Geschwindigkeit  25.0 Kilometer pro Stunde für Knoten 4
22:48:27.690 INFO  [d.f.a.antnet.JamGen] [akka://AntScout/user/antScout/jamgen] - Stauerzeugung - Laden: Geschwindigkeit  25.0 Kilometer pro Stunde für Knoten 10
22:48:28.657 INFO  [d.f.a.antnet.JamGen] [akka://AntScout/user/antScout/jamgen] - Stauerzeugung - Laden: Geschwindigkeit  100.0 Kilometer pro Stunde für Knoten 16
22:48:29.750 INFO  [d.f.a.antnet.JamGen] [akka://AntScout/user/antScout/jamgen] - Stauerzeugung - Laden: Geschwindigkeit  100.0 Kilometer pro Stunde für Knoten 5
22:48:30.751 INFO  [d.f.a.antnet.JamGen] [akka://AntScout/user/antScout/jamgen] - Stauerzeugung - Laden: Geschwindigkeit  139.99968 Kilometer pro Stunde für Knoten 15
22:48:31.891 INFO  [d.f.a.antnet.JamGen] [akka://AntScout/user/antScout/jamgen] - Stauerzeugung - Laden: Geschwindigkeit  50.0 Kilometer pro Stunde für Knoten 5
22:48:32.951 INFO  [d.f.a.antnet.JamGen] [akka://AntScout/user/antScout/jamgen] - Stauerzeugung - Laden: Geschwindigkeit  34.99992 Kilometer pro Stunde für Knoten 12
22:48:34.059 INFO  [d.f.a.antnet.JamGen] [akka://AntScout/user/antScout/jamgen] - Stauerzeugung - Laden: Geschwindigkeit  25.0 Kilometer pro Stunde für Knoten 3
22:48:35.155 INFO  [d.f.a.antnet.JamGen] [akka://AntScout/user/antScout/jamgen] - Stauerzeugung - Laden: Geschwindigkeit  100.0 Kilometer pro Stunde für Knoten 9
22:48:36.248 INFO  [d.f.a.antnet.JamGen] [akka://AntScout/user/antScout/jamgen] - Stauerzeugung - Laden: Geschwindigkeit  12.5 Kilometer pro Stunde für Knoten 4
22:48:37.356 INFO  [d.f.a.antnet.JamGen] [akka://AntScout/user/antScout/jamgen] - Stauerzeugung - Laden: Geschwindigkeit  69.99984 Kilometer pro Stunde für Knoten 15
22:48:38.276 INFO  [b.liftweb.Boot] [] - Shutting down
22:48:38.292 DEBUG [a.event.EventStream] [EventStream] - shutting down: StandardOutLogger started
22:49:15.559 INFO  [d.f.a.osm.OsmMap] [] - Loading file maps/Altona-Kreis.osm
22:49:15.715 INFO  [d.f.a.osm.OsmMap] [] - Initializing
22:49:15.715 INFO  [d.f.a.osm.OsmMap] [] - Parsing nodes
22:49:15.730 INFO  [d.f.a.osm.OsmMap] [] - 230 nodes parsed in 15 milliseconds
22:49:15.730 INFO  [d.f.a.osm.OsmMap] [] - Parsing ways
22:49:15.746 WARN  [d.f.a.osm.OsmWay] [] - Way 33891761: unknown max speed "5 mph"
22:49:15.746 WARN  [d.f.a.osm.OsmWay] [] - Way 33891763: unknown max speed "5 mph"
22:49:15.762 INFO  [d.f.a.osm.OsmMap] [] - 71 ways parsed in 32 milliseconds
22:49:15.762 INFO  [d.f.a.osm.OsmMap] [] - Computing node ways mapping
22:49:15.777 INFO  [d.f.a.osm.OsmMap] [] - Node ways mapping with 230 elements computed, took 15 ms
22:49:15.777 INFO  [d.f.a.r.RoutingService] [akka://AntScout/user/antScout/routingService] - Initialized
22:49:15.777 INFO  [d.f.a.antnet.AntMap] [] - Preparing
22:49:15.777 INFO  [d.f.a.antnet.AntMap] [] - Computing ant ways data
22:49:15.793 INFO  [d.f.a.antnet.AntMap] [] - 16 ant ways data computed, took 16 ms
22:49:15.793 INFO  [d.f.a.antnet.AntMap] [] - Computing nodes
22:49:15.793 INFO  [d.f.a.antnet.AntMap] [] - 14 nodes computed
22:49:15.793 INFO  [d.f.a.a.AntNodeSupervisor] [akka://AntScout/user/antScout/antNode] - Initializing
22:49:15.793 INFO  [d.f.a.a.AntNodeSupervisor] [akka://AntScout/user/antScout/antNode] - Initialized
22:49:15.793 INFO  [d.f.a.antnet.AntMap] [] - Computing ant ways
22:49:15.824 INFO  [d.f.a.antnet.AntMap] [] - Ant ways computed
22:49:15.824 INFO  [d.f.a.antnet.AntMap] [] - Computing incoming and outgoing ways
22:49:15.824 INFO  [d.f.a.antnet.AntMap] [] - Incoming and outgoing ways computed
22:49:15.824 INFO  [d.f.a.antnet.AntMap] [] - Computing sources and destinations
22:49:15.824 INFO  [d.f.a.antnet.AntMap] [] - 12 sources and 12 destinations computed, took 0 ms
22:49:15.824 INFO  [d.f.a.a.AntNodeSupervisor] [akka://AntScout/user/antScout/antNode] - Initializing nodes
22:49:15.824 INFO  [d.f.a.antnet.JamGen] [akka://AntScout/user/antScout/jamgen] - Initialized
22:49:15.840 INFO  [d.f.a.antnet.AntMap] [] - Calculating shortest paths
22:49:15.855 INFO  [d.f.a.antnet.AntMap] [] - Shortest paths calculated, took 15 ms
22:49:15.871 INFO  [d.f.a.a.AntNodeSupervisor] [akka://AntScout/user/antScout/antNode] - Nodes initialized
22:49:18.289 WARN  [d.f.a.c.Statistics] [] - Unknown message: CometName(statistics)
22:49:18.289 WARN  [d.f.a.c.UserInterface] [] - Unknown message: CometName(userInterface)
22:49:23.380 INFO  [d.f.a.r.RoutingService] [akka://AntScout/user/antScout/routingService] - PathfindingRouting
22:49:23.442 INFO  [d.f.a.antnet.JamGen] [akka://AntScout/user/antScout/jamgen] - Stauerzeugung - Laden: Geschwindigkeit  25.0 Kilometer pro Stunde für Knoten 10
22:49:25.519 INFO  [d.f.a.antnet.JamGen] [akka://AntScout/user/antScout/jamgen] - Stauerzeugung - Laden: Geschwindigkeit  40.00000000000001 Kilometer pro Stunde für Knoten 12
22:49:27.579 INFO  [d.f.a.antnet.JamGen] [akka://AntScout/user/antScout/jamgen] - Stauerzeugung - Laden: Geschwindigkeit  35.00000000000001 Kilometer pro Stunde für Knoten 2
22:49:29.624 INFO  [d.f.a.antnet.JamGen] [akka://AntScout/user/antScout/jamgen] - Stauerzeugung - Laden: Geschwindigkeit  100.0 Kilometer pro Stunde für Knoten 6
22:49:31.731 INFO  [d.f.a.antnet.JamGen] [akka://AntScout/user/antScout/jamgen] - Stauerzeugung - Laden: Geschwindigkeit  71.42857142857142 Kilometer pro Stunde für Knoten 5
22:49:33.821 INFO  [d.f.a.antnet.JamGen] [akka://AntScout/user/antScout/jamgen] - Stauerzeugung - Laden: Geschwindigkeit  27.77777777777778 Kilometer pro Stunde für Knoten 10
22:49:35.822 INFO  [d.f.a.antnet.JamGen] [akka://AntScout/user/antScout/jamgen] - Stauerzeugung - Laden: Geschwindigkeit  139.99968 Kilometer pro Stunde für Knoten 15
22:49:37.928 INFO  [d.f.a.antnet.JamGen] [akka://AntScout/user/antScout/jamgen] - Stauerzeugung - Laden: Geschwindigkeit  71.42857142857142 Kilometer pro Stunde für Knoten 3
22:49:39.491 INFO  [b.liftweb.Boot] [] - Shutting down
22:49:39.663 DEBUG [a.event.EventStream] [EventStream] - shutting down: StandardOutLogger started
10:47:45.019 INFO  [d.f.a.osm.OsmMap] [] - Loading file maps/Altona-Kreis.osm
10:47:45.175 INFO  [d.f.a.osm.OsmMap] [] - Initializing
10:47:45.206 INFO  [d.f.a.osm.OsmMap] [] - Parsing nodes
10:47:45.472 INFO  [d.f.a.osm.OsmMap] [] - 230 nodes parsed in 234 milliseconds
10:47:45.518 INFO  [d.f.a.osm.OsmMap] [] - Parsing ways
10:47:45.877 WARN  [d.f.a.osm.OsmWay] [] - Way 33891761: unknown max speed "5 mph"
10:47:45.877 WARN  [d.f.a.osm.OsmWay] [] - Way 33891763: unknown max speed "5 mph"
10:47:45.908 INFO  [d.f.a.osm.OsmMap] [] - 71 ways parsed in 359 milliseconds
10:47:45.924 INFO  [d.f.a.osm.OsmMap] [] - Computing node ways mapping
10:47:46.174 INFO  [d.f.a.osm.OsmMap] [] - Node ways mapping with 230 elements computed, took 156 ms
10:47:46.220 INFO  [d.f.a.r.RoutingService] [akka://AntScout/user/antScout/routingService] - Initialized
10:47:46.361 INFO  [d.f.a.antnet.AntMap] [] - Preparing
10:47:46.501 INFO  [d.f.a.antnet.AntMap] [] - Computing ant ways data
10:47:46.954 INFO  [d.f.a.antnet.AntMap] [] - 17 ant ways data computed, took 405 ms
10:47:46.969 INFO  [d.f.a.antnet.AntMap] [] - Computing nodes
10:47:47.032 INFO  [d.f.a.antnet.AntMap] [] - 14 nodes computed
10:47:47.094 INFO  [d.f.a.a.AntNodeSupervisor] [akka://AntScout/user/antScout/antNode] - Initializing
10:47:47.219 INFO  [d.f.a.a.AntNodeSupervisor] [akka://AntScout/user/antScout/antNode] - Initialized
10:47:47.281 INFO  [d.f.a.antnet.AntMap] [] - Computing ant ways
10:47:47.484 INFO  [d.f.a.antnet.AntMap] [] - Ant ways computed
10:47:47.546 INFO  [d.f.a.antnet.AntMap] [] - Computing incoming and outgoing ways
10:47:47.656 INFO  [d.f.a.antnet.AntMap] [] - Incoming and outgoing ways computed
10:47:47.687 INFO  [d.f.a.antnet.AntMap] [] - Computing sources and destinations
10:47:47.734 INFO  [d.f.a.antnet.AntMap] [] - 12 sources and 12 destinations computed, took 16 ms
10:47:47.780 INFO  [d.f.a.a.AntNodeSupervisor] [akka://AntScout/user/antScout/antNode] - Initializing nodes
10:47:47.780 INFO  [d.f.a.antnet.JamGen] [akka://AntScout/user/antScout/jamgen] - Initialized
10:47:48.061 INFO  [d.f.a.antnet.AntMap] [] - Calculating shortest paths
10:47:48.670 INFO  [d.f.a.antnet.AntMap] [] - Shortest paths calculated, took 437 ms
10:47:49.075 INFO  [d.f.a.a.AntNodeSupervisor] [akka://AntScout/user/antScout/antNode] - Nodes initialized
10:47:49.249 WARN  [d.f.a.c.Statistics] [] - Unknown message: CometName(statistics)
10:47:49.701 WARN  [d.f.a.c.UserInterface] [] - Unknown message: CometName(userInterface)
10:47:57.424 INFO  [d.f.a.r.RoutingService] [akka://AntScout/user/antScout/routingService] - PathfindingRouting
10:47:57.548 INFO  [d.f.a.antnet.JamGen] [akka://AntScout/user/antScout/jamgen] - Stauerzeugung - Laden: Geschwindigkeit  25.0 Kilometer pro Stunde für Knoten 4
10:47:58.562 INFO  [d.f.a.antnet.JamGen] [akka://AntScout/user/antScout/jamgen] - Stauerzeugung - Laden: Geschwindigkeit  25.0 Kilometer pro Stunde für Knoten 10
10:47:59.625 INFO  [d.f.a.antnet.JamGen] [akka://AntScout/user/antScout/jamgen] - Stauerzeugung - Laden: Geschwindigkeit  100.0 Kilometer pro Stunde für Knoten 16
10:48:00.735 INFO  [d.f.a.antnet.JamGen] [akka://AntScout/user/antScout/jamgen] - Stauerzeugung - Laden: Geschwindigkeit  100.0 Kilometer pro Stunde für Knoten 5
10:48:01.827 INFO  [d.f.a.antnet.JamGen] [akka://AntScout/user/antScout/jamgen] - Stauerzeugung - Laden: Geschwindigkeit  139.99968 Kilometer pro Stunde für Knoten 15
10:48:02.936 INFO  [d.f.a.antnet.JamGen] [akka://AntScout/user/antScout/jamgen] - Stauerzeugung - Laden: Geschwindigkeit  50.0 Kilometer pro Stunde für Knoten 5
10:48:03.952 INFO  [d.f.a.antnet.JamGen] [akka://AntScout/user/antScout/jamgen] - Stauerzeugung - Laden: Geschwindigkeit  34.99992 Kilometer pro Stunde für Knoten 12
10:48:05.029 INFO  [d.f.a.antnet.JamGen] [akka://AntScout/user/antScout/jamgen] - Stauerzeugung - Laden: Geschwindigkeit  25.0 Kilometer pro Stunde für Knoten 3
10:48:06.199 INFO  [d.f.a.antnet.JamGen] [akka://AntScout/user/antScout/jamgen] - Stauerzeugung - Laden: Geschwindigkeit  100.0 Kilometer pro Stunde für Knoten 9
10:48:07.228 INFO  [d.f.a.antnet.JamGen] [akka://AntScout/user/antScout/jamgen] - Stauerzeugung - Laden: Geschwindigkeit  12.5 Kilometer pro Stunde für Knoten 4
10:48:08.336 INFO  [d.f.a.antnet.JamGen] [akka://AntScout/user/antScout/jamgen] - Stauerzeugung - Laden: Geschwindigkeit  69.99984 Kilometer pro Stunde für Knoten 15
10:48:09.428 INFO  [d.f.a.antnet.JamGen] [akka://AntScout/user/antScout/jamgen] - Stauerzeugung - Laden: Geschwindigkeit  69.99984 Kilometer pro Stunde für Knoten 12
10:48:10.551 INFO  [d.f.a.antnet.JamGen] [akka://AntScout/user/antScout/jamgen] - Stauerzeugung - Laden: Geschwindigkeit  50.0 Kilometer pro Stunde für Knoten 9
10:48:31.652 INFO  [b.liftweb.Boot] [] - Shutting down
10:48:31.703 DEBUG [a.event.EventStream] [EventStream] - shutting down: StandardOutLogger started
10:51:05.803 INFO  [d.f.a.osm.OsmMap] [] - Loading file maps/Altona-Kreis.osm
10:51:05.944 INFO  [d.f.a.osm.OsmMap] [] - Initializing
10:51:05.944 INFO  [d.f.a.osm.OsmMap] [] - Parsing nodes
10:51:05.975 INFO  [d.f.a.osm.OsmMap] [] - 230 nodes parsed in 31 milliseconds
10:51:05.975 INFO  [d.f.a.osm.OsmMap] [] - Parsing ways
10:51:06.006 WARN  [d.f.a.osm.OsmWay] [] - Way 33891761: unknown max speed "5 mph"
10:51:06.006 WARN  [d.f.a.osm.OsmWay] [] - Way 33891763: unknown max speed "5 mph"
10:51:06.037 INFO  [d.f.a.osm.OsmMap] [] - 71 ways parsed in 62 milliseconds
10:51:06.037 INFO  [d.f.a.osm.OsmMap] [] - Computing node ways mapping
10:51:06.037 INFO  [d.f.a.osm.OsmMap] [] - Node ways mapping with 230 elements computed, took 0 ms
10:51:06.037 INFO  [d.f.a.d.DijkstraService] [akka://AntScout/user/antScout/dijkstra] - Initialized
10:51:06.053 INFO  [d.f.a.antnet.AntMap] [] - Preparing
10:51:06.053 INFO  [d.f.a.antnet.AntMap] [] - Computing ant ways data
10:51:06.053 INFO  [d.f.a.antnet.AntMap] [] - 16 ant ways data computed, took 0 ms
10:51:06.068 INFO  [d.f.a.antnet.AntMap] [] - Computing nodes
10:51:06.068 INFO  [d.f.a.antnet.AntMap] [] - 14 nodes computed
10:51:06.068 INFO  [d.f.a.a.AntNodeSupervisor] [akka://AntScout/user/antScout/antNode] - Initializing
10:51:06.068 INFO  [d.f.a.a.AntNodeSupervisor] [akka://AntScout/user/antScout/antNode] - Initialized
10:51:06.068 INFO  [d.f.a.antnet.AntMap] [] - Computing ant ways
10:51:06.084 INFO  [d.f.a.antnet.AntMap] [] - Ant ways computed
10:51:06.084 INFO  [d.f.a.antnet.AntMap] [] - Computing incoming and outgoing ways
10:51:06.100 INFO  [d.f.a.antnet.AntMap] [] - Incoming and outgoing ways computed
10:51:06.100 INFO  [d.f.a.antnet.AntMap] [] - Computing sources and destinations
10:51:06.100 INFO  [d.f.a.antnet.AntMap] [] - 12 sources and 12 destinations computed, took 0 ms
10:51:06.100 INFO  [d.f.a.antnet.JamGen] [akka://AntScout/user/antScout/jamgen] - Initialized
10:51:10.327 WARN  [d.f.a.c.Statistics] [] - Unknown message: CometName(statistics)
10:51:10.343 WARN  [d.f.a.c.UserInterface] [] - Unknown message: CometName(userInterface)
10:51:15.796 INFO  [d.f.a.antnet.JamGen] [akka://AntScout/user/antScout/jamgen] - Stauerzeugung - Laden: Geschwindigkeit  25.0 Kilometer pro Stunde für Knoten 4
10:51:16.888 INFO  [d.f.a.antnet.JamGen] [akka://AntScout/user/antScout/jamgen] - Stauerzeugung - Laden: Geschwindigkeit  25.0 Kilometer pro Stunde für Knoten 10
10:51:17.965 INFO  [d.f.a.antnet.JamGen] [akka://AntScout/user/antScout/jamgen] - Stauerzeugung - Laden: Geschwindigkeit  100.0 Kilometer pro Stunde für Knoten 16
10:51:18.981 INFO  [d.f.a.antnet.JamGen] [akka://AntScout/user/antScout/jamgen] - Stauerzeugung - Laden: Geschwindigkeit  100.0 Kilometer pro Stunde für Knoten 5
10:51:20.057 INFO  [d.f.a.antnet.JamGen] [akka://AntScout/user/antScout/jamgen] - Stauerzeugung - Laden: Geschwindigkeit  139.99968 Kilometer pro Stunde für Knoten 15
10:51:21.165 INFO  [d.f.a.antnet.JamGen] [akka://AntScout/user/antScout/jamgen] - Stauerzeugung - Laden: Geschwindigkeit  50.0 Kilometer pro Stunde für Knoten 5
10:51:22.257 INFO  [d.f.a.antnet.JamGen] [akka://AntScout/user/antScout/jamgen] - Stauerzeugung - Laden: Geschwindigkeit  34.99992 Kilometer pro Stunde für Knoten 12
10:51:23.366 INFO  [d.f.a.antnet.JamGen] [akka://AntScout/user/antScout/jamgen] - Stauerzeugung - Laden: Geschwindigkeit  25.0 Kilometer pro Stunde für Knoten 3
10:51:24.367 INFO  [d.f.a.antnet.JamGen] [akka://AntScout/user/antScout/jamgen] - Stauerzeugung - Laden: Geschwindigkeit  100.0 Kilometer pro Stunde für Knoten 9
10:51:25.459 INFO  [d.f.a.antnet.JamGen] [akka://AntScout/user/antScout/jamgen] - Stauerzeugung - Laden: Geschwindigkeit  12.5 Kilometer pro Stunde für Knoten 4
10:51:26.568 INFO  [d.f.a.antnet.JamGen] [akka://AntScout/user/antScout/jamgen] - Stauerzeugung - Laden: Geschwindigkeit  69.99984 Kilometer pro Stunde für Knoten 15
10:51:27.660 INFO  [d.f.a.antnet.JamGen] [akka://AntScout/user/antScout/jamgen] - Stauerzeugung - Laden: Geschwindigkeit  69.99984 Kilometer pro Stunde für Knoten 12
10:51:28.768 INFO  [d.f.a.antnet.JamGen] [akka://AntScout/user/antScout/jamgen] - Stauerzeugung - Laden: Geschwindigkeit  50.0 Kilometer pro Stunde für Knoten 9
10:51:42.483 INFO  [b.liftweb.Boot] [] - Shutting down
10:51:42.498 DEBUG [a.event.EventStream] [EventStream] - shutting down: StandardOutLogger started
11:52:12.929 INFO  [d.f.a.osm.OsmMap] [] - Loading file maps/Altona-Wedel.osm
11:52:13.209 INFO  [d.f.a.osm.OsmMap] [] - Initializing
11:52:13.209 INFO  [d.f.a.osm.OsmMap] [] - Parsing nodes
11:52:13.319 INFO  [d.f.a.osm.OsmMap] [] - 7983 nodes parsed in 110 milliseconds
11:52:13.319 INFO  [d.f.a.osm.OsmMap] [] - Parsing ways
11:52:14.847 INFO  [d.f.a.osm.OsmMap] [] - 1914 ways parsed in 1528 milliseconds
11:52:14.847 INFO  [d.f.a.osm.OsmMap] [] - Computing node ways mapping
11:52:15.050 INFO  [d.f.a.osm.OsmMap] [] - Node ways mapping with 7983 elements computed, took 171 ms
11:52:15.050 INFO  [d.f.a.d.DijkstraService] [akka://AntScout/user/antScout/dijkstra] - Initialized
11:52:15.050 INFO  [d.f.a.antnet.AntMap] [] - Preparing
11:52:15.097 INFO  [d.f.a.antnet.AntMap] [] - Computing ant ways data
11:52:15.206 INFO  [d.f.a.antnet.AntMap] [] - 208 ant ways data computed, took 109 ms
11:52:15.206 INFO  [d.f.a.antnet.AntMap] [] - Computing nodes
11:52:15.206 INFO  [d.f.a.antnet.AntMap] [] - 144 nodes computed
11:52:15.206 INFO  [d.f.a.a.AntNodeSupervisor] [akka://AntScout/user/antScout/antNode] - Initializing
11:52:15.237 INFO  [d.f.a.a.AntNodeSupervisor] [akka://AntScout/user/antScout/antNode] - Initialized
11:52:15.237 INFO  [d.f.a.antnet.AntMap] [] - Computing ant ways
11:52:15.331 INFO  [d.f.a.antnet.AntMap] [] - Ant ways computed
11:52:15.331 INFO  [d.f.a.antnet.AntMap] [] - Computing incoming and outgoing ways
11:52:15.347 INFO  [d.f.a.antnet.AntMap] [] - Incoming and outgoing ways computed
11:52:15.347 INFO  [d.f.a.antnet.AntMap] [] - Computing sources and destinations
11:52:15.347 INFO  [d.f.a.antnet.AntMap] [] - 140 sources and 140 destinations computed, took 0 ms
11:52:15.362 INFO  [d.f.a.antnet.JamGen] [akka://AntScout/user/antScout/jamgen] - Initialized
11:52:15.581 WARN  [d.f.a.c.Statistics] [] - Unknown message: CometName(statistics)
11:52:15.596 WARN  [d.f.a.c.UserInterface] [] - Unknown message: CometName(userInterface)
11:52:23.020 INFO  [d.f.a.antnet.JamGen] [akka://AntScout/user/antScout/jamgen] - Stauerzeugung - Zufall: Geschwindigkeit von 30.00000000000001 Kilometer pro Stunde für Knoten 8
11:52:24.127 INFO  [d.f.a.antnet.JamGen] [akka://AntScout/user/antScout/jamgen] - Stauerzeugung - Zufall: Geschwindigkeit von 15.000000000000002 Kilometer pro Stunde für Knoten 128
11:52:25.344 INFO  [d.f.a.antnet.JamGen] [akka://AntScout/user/antScout/jamgen] - Stauerzeugung - Zufall: Geschwindigkeit von 25.00002 Kilometer pro Stunde für Knoten 22
11:52:26.311 INFO  [d.f.a.antnet.JamGen] [akka://AntScout/user/antScout/jamgen] - Stauerzeugung - Zufall: Geschwindigkeit von 25.00002 Kilometer pro Stunde für Knoten 24
11:52:27.450 INFO  [d.f.a.antnet.JamGen] [akka://AntScout/user/antScout/jamgen] - Stauerzeugung - Zufall: Geschwindigkeit von 25.0 Kilometer pro Stunde für Knoten 165
11:52:28.417 INFO  [d.f.a.antnet.JamGen] [akka://AntScout/user/antScout/jamgen] - Stauerzeugung - Zufall: Geschwindigkeit von 25.00002 Kilometer pro Stunde für Knoten 129
11:52:29.543 INFO  [d.f.a.antnet.JamGen] [akka://AntScout/user/antScout/jamgen] - Stauerzeugung - Zufall: Geschwindigkeit von 25.0 Kilometer pro Stunde für Knoten 69
11:52:30.728 INFO  [d.f.a.antnet.JamGen] [akka://AntScout/user/antScout/jamgen] - Stauerzeugung - Zufall: Geschwindigkeit von 25.0 Kilometer pro Stunde für Knoten 72
11:52:31.617 INFO  [d.f.a.antnet.JamGen] [akka://AntScout/user/antScout/jamgen] - Stauerzeugung - Zufall: Geschwindigkeit von 25.000000000000004 Kilometer pro Stunde für Knoten 41
11:52:32.711 INFO  [d.f.a.antnet.JamGen] [akka://AntScout/user/antScout/jamgen] - Stauerzeugung - Zufall: Geschwindigkeit von 25.000016398443677 Kilometer pro Stunde für Knoten 193
11:52:33.713 INFO  [d.f.a.antnet.JamGen] [akka://AntScout/user/antScout/jamgen] - Stauerzeugung - Zufall: Geschwindigkeit von 12.5 Kilometer pro Stunde für Knoten 72
11:52:34.930 INFO  [d.f.a.antnet.JamGen] [akka://AntScout/user/antScout/jamgen] - Stauerzeugung - Zufall: Geschwindigkeit von 15.000000000000002 Kilometer pro Stunde für Knoten 112
11:52:35.912 INFO  [d.f.a.antnet.JamGen] [akka://AntScout/user/antScout/jamgen] - Stauerzeugung - Zufall: Geschwindigkeit von 15.000000000000002 Kilometer pro Stunde für Knoten 159
11:52:37.036 INFO  [d.f.a.antnet.JamGen] [akka://AntScout/user/antScout/jamgen] - Stauerzeugung - Zufall: Geschwindigkeit von 25.0 Kilometer pro Stunde für Knoten 164
11:52:38.112 INFO  [d.f.a.antnet.JamGen] [akka://AntScout/user/antScout/jamgen] - Stauerzeugung - Zufall: Geschwindigkeit von 25.000013243226153 Kilometer pro Stunde für Knoten 113
11:52:39.204 INFO  [d.f.a.antnet.JamGen] [akka://AntScout/user/antScout/jamgen] - Stauerzeugung - Zufall: Geschwindigkeit von 25.0 Kilometer pro Stunde für Knoten 53
11:52:40.312 INFO  [d.f.a.antnet.JamGen] [akka://AntScout/user/antScout/jamgen] - Stauerzeugung - Zufall: Geschwindigkeit von 25.00002 Kilometer pro Stunde für Knoten 46
11:52:41.406 INFO  [d.f.a.antnet.JamGen] [akka://AntScout/user/antScout/jamgen] - Stauerzeugung - Zufall: Geschwindigkeit von 25.00002 Kilometer pro Stunde für Knoten 124
11:52:42.513 INFO  [d.f.a.antnet.JamGen] [akka://AntScout/user/antScout/jamgen] - Stauerzeugung - Zufall: Geschwindigkeit von 25.000000000000004 Kilometer pro Stunde für Knoten 100
11:52:43.605 INFO  [d.f.a.antnet.JamGen] [akka://AntScout/user/antScout/jamgen] - Stauerzeugung - Zufall: Geschwindigkeit von 25.0 Kilometer pro Stunde für Knoten 158
11:52:44.715 INFO  [d.f.a.antnet.JamGen] [akka://AntScout/user/antScout/jamgen] - Stauerzeugung - Zufall: Geschwindigkeit von 25.0 Kilometer pro Stunde für Knoten 157
11:52:45.807 INFO  [d.f.a.antnet.JamGen] [akka://AntScout/user/antScout/jamgen] - Stauerzeugung - Zufall: Geschwindigkeit von 25.0 Kilometer pro Stunde für Knoten 104
11:52:46.930 INFO  [d.f.a.antnet.JamGen] [akka://AntScout/user/antScout/jamgen] - Stauerzeugung - Zufall: Geschwindigkeit von 25.0 Kilometer pro Stunde für Knoten 33
11:52:48.131 INFO  [d.f.a.antnet.JamGen] [akka://AntScout/user/antScout/jamgen] - Stauerzeugung - Zufall: Geschwindigkeit von 25.0 Kilometer pro Stunde für Knoten 186
11:52:49.114 INFO  [d.f.a.antnet.JamGen] [akka://AntScout/user/antScout/jamgen] - Stauerzeugung - Zufall: Geschwindigkeit von 6.25 Kilometer pro Stunde für Knoten 72
11:52:50.206 INFO  [d.f.a.antnet.JamGen] [akka://AntScout/user/antScout/jamgen] - Stauerzeugung - Zufall: Geschwindigkeit von 30.000000000000004 Kilometer pro Stunde für Knoten 58
11:52:51.440 INFO  [d.f.a.antnet.JamGen] [akka://AntScout/user/antScout/jamgen] - Stauerzeugung - Zufall: Geschwindigkeit von 25.0 Kilometer pro Stunde für Knoten 1
11:52:52.408 INFO  [d.f.a.antnet.JamGen] [akka://AntScout/user/antScout/jamgen] - Stauerzeugung - Zufall: Geschwindigkeit von 25.0 Kilometer pro Stunde für Knoten 31
11:52:53.546 INFO  [d.f.a.antnet.JamGen] [akka://AntScout/user/antScout/jamgen] - Stauerzeugung - Zufall: Geschwindigkeit von 15.000000000000002 Kilometer pro Stunde für Knoten 137
11:52:54.607 INFO  [d.f.a.antnet.JamGen] [akka://AntScout/user/antScout/jamgen] - Stauerzeugung - Zufall: Geschwindigkeit von 25.0 Kilometer pro Stunde für Knoten 91
11:52:55.715 INFO  [d.f.a.antnet.JamGen] [akka://AntScout/user/antScout/jamgen] - Stauerzeugung - Zufall: Geschwindigkeit von 25.0 Kilometer pro Stunde für Knoten 12
11:52:56.838 INFO  [d.f.a.antnet.JamGen] [akka://AntScout/user/antScout/jamgen] - Stauerzeugung - Zufall: Geschwindigkeit von 21.59147645617065 Kilometer pro Stunde für Knoten 188
11:52:58.055 INFO  [d.f.a.antnet.JamGen] [akka://AntScout/user/antScout/jamgen] - Stauerzeugung - Zufall: Geschwindigkeit von 25.0 Kilometer pro Stunde für Knoten 206
11:52:59.006 INFO  [d.f.a.antnet.JamGen] [akka://AntScout/user/antScout/jamgen] - Stauerzeugung - Zufall: Geschwindigkeit von 25.0 Kilometer pro Stunde für Knoten 11
11:53:00.132 INFO  [d.f.a.antnet.JamGen] [akka://AntScout/user/antScout/jamgen] - Stauerzeugung - Zufall: Geschwindigkeit von 25.0 Kilometer pro Stunde für Knoten 190
11:53:01.208 INFO  [d.f.a.antnet.JamGen] [akka://AntScout/user/antScout/jamgen] - Stauerzeugung - Zufall: Geschwindigkeit von 12.5 Kilometer pro Stunde für Knoten 104
11:53:02.316 INFO  [d.f.a.antnet.JamGen] [akka://AntScout/user/antScout/jamgen] - Stauerzeugung - Zufall: Geschwindigkeit von 15.000000000000002 Kilometer pro Stunde für Knoten 14
11:53:03.418 INFO  [d.f.a.antnet.JamGen] [akka://AntScout/user/antScout/jamgen] - Stauerzeugung - Zufall: Geschwindigkeit von 25.0 Kilometer pro Stunde für Knoten 10
11:53:04.635 INFO  [d.f.a.antnet.JamGen] [akka://AntScout/user/antScout/jamgen] - Stauerzeugung - Zufall: Geschwindigkeit von 25.0 Kilometer pro Stunde für Knoten 135
11:53:04.822 INFO  [b.liftweb.Boot] [] - Shutting down
11:53:04.853 DEBUG [a.event.EventStream] [EventStream] - shutting down: StandardOutLogger started
11:53:52.060 INFO  [d.f.a.osm.OsmMap] [] - Loading file maps/Altona-Wedel.osm
11:53:52.201 INFO  [d.f.a.osm.OsmMap] [] - Initializing
11:53:52.201 INFO  [d.f.a.osm.OsmMap] [] - Parsing nodes
11:53:52.294 INFO  [d.f.a.osm.OsmMap] [] - 7983 nodes parsed in 78 milliseconds
11:53:52.294 INFO  [d.f.a.osm.OsmMap] [] - Parsing ways
11:53:54.073 INFO  [d.f.a.osm.OsmMap] [] - 1914 ways parsed in 1779 milliseconds
11:53:54.073 INFO  [d.f.a.osm.OsmMap] [] - Computing node ways mapping
11:53:54.182 INFO  [d.f.a.osm.OsmMap] [] - Node ways mapping with 7983 elements computed, took 94 ms
11:53:54.182 INFO  [d.f.a.r.RoutingService] [akka://AntScout/user/antScout/routingService] - Initialized
11:53:54.182 INFO  [d.f.a.antnet.AntMap] [] - Preparing
11:53:54.197 INFO  [d.f.a.antnet.AntMap] [] - Computing ant ways data
11:53:54.293 INFO  [d.f.a.antnet.AntMap] [] - 208 ant ways data computed, took 96 ms
11:53:54.293 INFO  [d.f.a.antnet.AntMap] [] - Computing nodes
11:53:54.293 INFO  [d.f.a.antnet.AntMap] [] - 144 nodes computed
11:53:54.293 INFO  [d.f.a.a.AntNodeSupervisor] [akka://AntScout/user/antScout/antNode] - Initializing
11:53:54.309 INFO  [d.f.a.a.AntNodeSupervisor] [akka://AntScout/user/antScout/antNode] - Initialized
11:53:54.309 INFO  [d.f.a.antnet.AntMap] [] - Computing ant ways
11:53:54.355 INFO  [d.f.a.antnet.AntMap] [] - Ant ways computed
11:53:54.355 INFO  [d.f.a.antnet.AntMap] [] - Computing incoming and outgoing ways
11:53:54.371 INFO  [d.f.a.antnet.AntMap] [] - Incoming and outgoing ways computed
11:53:54.371 INFO  [d.f.a.antnet.AntMap] [] - Computing sources and destinations
11:53:54.371 INFO  [d.f.a.antnet.AntMap] [] - 140 sources and 140 destinations computed, took 0 ms
11:53:54.371 INFO  [d.f.a.a.AntNodeSupervisor] [akka://AntScout/user/antScout/antNode] - Initializing nodes
11:53:54.371 INFO  [d.f.a.antnet.JamGen] [akka://AntScout/user/antScout/jamgen] - Initialized
11:53:54.527 INFO  [d.f.a.antnet.AntMap] [] - Calculating shortest paths
11:53:54.855 INFO  [d.f.a.antnet.AntMap] [] - Shortest paths calculated, took 328 ms
11:53:55.307 INFO  [d.f.a.a.AntNodeSupervisor] [akka://AntScout/user/antScout/antNode] - Nodes initialized
11:53:55.619 WARN  [d.f.a.c.Statistics] [] - Unknown message: CometName(statistics)
11:53:55.650 WARN  [d.f.a.c.UserInterface] [] - Unknown message: CometName(userInterface)
11:54:05.194 INFO  [d.f.a.r.RoutingService] [akka://AntScout/user/antScout/routingService] - PathfindingRouting
11:54:05.210 INFO  [d.f.a.antnet.JamGen] [akka://AntScout/user/antScout/jamgen] - Stauerzeugung - Laden: Geschwindigkeit  30.00000000000001 Kilometer pro Stunde für Knoten 8
11:54:06.271 INFO  [d.f.a.antnet.JamGen] [akka://AntScout/user/antScout/jamgen] - Stauerzeugung - Laden: Geschwindigkeit  15.000000000000002 Kilometer pro Stunde für Knoten 128
11:54:07.971 INFO  [d.f.a.antnet.JamGen] [akka://AntScout/user/antScout/jamgen] - Stauerzeugung - Laden: Geschwindigkeit  25.00002 Kilometer pro Stunde für Knoten 22
11:54:08.611 INFO  [d.f.a.antnet.JamGen] [akka://AntScout/user/antScout/jamgen] - Stauerzeugung - Laden: Geschwindigkeit  25.00002 Kilometer pro Stunde für Knoten 24
11:54:10.233 INFO  [d.f.a.antnet.JamGen] [akka://AntScout/user/antScout/jamgen] - Stauerzeugung - Laden: Geschwindigkeit  25.0 Kilometer pro Stunde für Knoten 165
11:54:10.826 INFO  [d.f.a.antnet.JamGen] [akka://AntScout/user/antScout/jamgen] - Stauerzeugung - Laden: Geschwindigkeit  25.00002 Kilometer pro Stunde für Knoten 129
11:54:12.158 INFO  [d.f.a.antnet.JamGen] [akka://AntScout/user/antScout/jamgen] - Stauerzeugung - Laden: Geschwindigkeit  25.0 Kilometer pro Stunde für Knoten 69
11:54:13.609 INFO  [d.f.a.antnet.JamGen] [akka://AntScout/user/antScout/jamgen] - Stauerzeugung - Laden: Geschwindigkeit  25.0 Kilometer pro Stunde für Knoten 72
11:54:14.826 INFO  [d.f.a.antnet.JamGen] [akka://AntScout/user/antScout/jamgen] - Stauerzeugung - Laden: Geschwindigkeit  25.000000000000004 Kilometer pro Stunde für Knoten 41
11:54:16.090 INFO  [d.f.a.antnet.JamGen] [akka://AntScout/user/antScout/jamgen] - Stauerzeugung - Laden: Geschwindigkeit  25.000016398443677 Kilometer pro Stunde für Knoten 193
11:54:17.182 INFO  [d.f.a.antnet.JamGen] [akka://AntScout/user/antScout/jamgen] - Stauerzeugung - Laden: Geschwindigkeit  12.5 Kilometer pro Stunde für Knoten 72
11:54:18.336 INFO  [d.f.a.antnet.JamGen] [akka://AntScout/user/antScout/jamgen] - Stauerzeugung - Laden: Geschwindigkeit  15.000000000000002 Kilometer pro Stunde für Knoten 112
11:54:19.350 INFO  [d.f.a.antnet.JamGen] [akka://AntScout/user/antScout/jamgen] - Stauerzeugung - Laden: Geschwindigkeit  15.000000000000002 Kilometer pro Stunde für Knoten 159
11:54:20.629 INFO  [d.f.a.antnet.JamGen] [akka://AntScout/user/antScout/jamgen] - Stauerzeugung - Laden: Geschwindigkeit  25.0 Kilometer pro Stunde für Knoten 164
11:54:21.768 INFO  [d.f.a.antnet.JamGen] [akka://AntScout/user/antScout/jamgen] - Stauerzeugung - Laden: Geschwindigkeit  25.000013243226153 Kilometer pro Stunde für Knoten 113
11:54:23.032 INFO  [d.f.a.antnet.JamGen] [akka://AntScout/user/antScout/jamgen] - Stauerzeugung - Laden: Geschwindigkeit  25.0 Kilometer pro Stunde für Knoten 53
11:54:24.233 INFO  [d.f.a.antnet.JamGen] [akka://AntScout/user/antScout/jamgen] - Stauerzeugung - Laden: Geschwindigkeit  25.00002 Kilometer pro Stunde für Knoten 46
11:54:25.575 INFO  [d.f.a.antnet.JamGen] [akka://AntScout/user/antScout/jamgen] - Stauerzeugung - Laden: Geschwindigkeit  25.00002 Kilometer pro Stunde für Knoten 124
11:54:26.620 INFO  [d.f.a.antnet.JamGen] [akka://AntScout/user/antScout/jamgen] - Stauerzeugung - Laden: Geschwindigkeit  25.000000000000004 Kilometer pro Stunde für Knoten 100
11:54:27.837 INFO  [d.f.a.antnet.JamGen] [akka://AntScout/user/antScout/jamgen] - Stauerzeugung - Laden: Geschwindigkeit  25.0 Kilometer pro Stunde für Knoten 158
11:54:29.069 INFO  [d.f.a.antnet.JamGen] [akka://AntScout/user/antScout/jamgen] - Stauerzeugung - Laden: Geschwindigkeit  25.0 Kilometer pro Stunde für Knoten 157
11:54:30.145 INFO  [d.f.a.antnet.JamGen] [akka://AntScout/user/antScout/jamgen] - Stauerzeugung - Laden: Geschwindigkeit  25.0 Kilometer pro Stunde für Knoten 104
11:54:31.458 INFO  [d.f.a.antnet.JamGen] [akka://AntScout/user/antScout/jamgen] - Stauerzeugung - Laden: Geschwindigkeit  25.0 Kilometer pro Stunde für Knoten 33
11:54:32.253 INFO  [d.f.a.antnet.JamGen] [akka://AntScout/user/antScout/jamgen] - Stauerzeugung - Laden: Geschwindigkeit  25.0 Kilometer pro Stunde für Knoten 186
11:54:33.283 INFO  [d.f.a.antnet.JamGen] [akka://AntScout/user/antScout/jamgen] - Stauerzeugung - Laden: Geschwindigkeit  6.25 Kilometer pro Stunde für Knoten 72
11:54:34.394 INFO  [d.f.a.antnet.JamGen] [akka://AntScout/user/antScout/jamgen] - Stauerzeugung - Laden: Geschwindigkeit  30.000000000000004 Kilometer pro Stunde für Knoten 58
11:54:35.518 INFO  [d.f.a.antnet.JamGen] [akka://AntScout/user/antScout/jamgen] - Stauerzeugung - Laden: Geschwindigkeit  25.0 Kilometer pro Stunde für Knoten 1
11:54:36.641 INFO  [d.f.a.antnet.JamGen] [akka://AntScout/user/antScout/jamgen] - Stauerzeugung - Laden: Geschwindigkeit  25.0 Kilometer pro Stunde für Knoten 31
11:54:37.858 INFO  [d.f.a.antnet.JamGen] [akka://AntScout/user/antScout/jamgen] - Stauerzeugung - Laden: Geschwindigkeit  15.000000000000002 Kilometer pro Stunde für Knoten 137
11:54:38.731 INFO  [d.f.a.antnet.JamGen] [akka://AntScout/user/antScout/jamgen] - Stauerzeugung - Laden: Geschwindigkeit  25.0 Kilometer pro Stunde für Knoten 91
11:54:39.867 INFO  [d.f.a.antnet.JamGen] [akka://AntScout/user/antScout/jamgen] - Stauerzeugung - Laden: Geschwindigkeit  25.0 Kilometer pro Stunde für Knoten 12
11:54:40.889 INFO  [b.liftweb.Boot] [] - Shutting down
11:54:40.920 INFO  [d.f.a.antnet.JamGen] [akka://AntScout/user/antScout/jamgen] - Stauerzeugung - Laden: Geschwindigkeit  21.59147645617065 Kilometer pro Stunde für Knoten 188
11:54:41.373 DEBUG [a.event.EventStream] [EventStream] - shutting down: StandardOutLogger started
