16:34:49.940 INFO  [d.f.a.osm.OsmMap] [] - Loading file maps/Altona-Wedel.osm
16:34:50.298 INFO  [d.f.a.osm.OsmMap] [] - Initializing
16:34:50.314 INFO  [d.f.a.osm.OsmMap] [] - Parsing nodes
16:34:50.501 INFO  [d.f.a.osm.OsmMap] [] - 7983 nodes parsed in 171 milliseconds
16:34:50.532 INFO  [d.f.a.osm.OsmMap] [] - Parsing ways
16:50:43.195 INFO  [d.f.a.osm.OsmMap] [] - Loading file maps/Altona-Wedel.osm
16:50:43.476 INFO  [d.f.a.osm.OsmMap] [] - Initializing
16:50:43.476 INFO  [d.f.a.osm.OsmMap] [] - Parsing nodes
16:50:43.601 INFO  [d.f.a.osm.OsmMap] [] - 7983 nodes parsed in 125 milliseconds
16:50:43.601 INFO  [d.f.a.osm.OsmMap] [] - Parsing ways
16:50:45.459 INFO  [d.f.a.osm.OsmMap] [] - 1914 ways parsed in 1765 milliseconds
16:50:45.459 INFO  [d.f.a.osm.OsmMap] [] - Computing node ways mapping
16:50:45.834 INFO  [d.f.a.osm.OsmMap] [] - Node ways mapping with 7983 elements computed, took 265 ms
16:50:45.834 INFO  [d.f.a.r.RoutingService] [akka://AntScout/user/antScout/routingService] - Initialized
16:50:45.834 INFO  [d.f.a.d.DijkstraService] [akka://AntScout/user/antScout/dijkstra] - Initialized
16:50:45.834 INFO  [d.f.a.antnet.AntMap] [] - Preparing
16:50:45.896 INFO  [d.f.a.antnet.AntMap] [] - Computing ant ways data
16:50:46.115 INFO  [d.f.a.antnet.AntMap] [] - 208 ant ways data computed, took 219 ms
16:50:46.115 INFO  [d.f.a.antnet.AntMap] [] - Computing nodes
16:50:46.115 INFO  [d.f.a.antnet.AntMap] [] - 144 nodes computed
16:50:46.115 INFO  [d.f.a.a.AntNodeSupervisor] [akka://AntScout/user/antScout/antNode] - Initializing
16:50:46.130 INFO  [d.f.a.a.AntNodeSupervisor] [akka://AntScout/user/antScout/antNode] - Initialized
16:50:46.130 INFO  [d.f.a.antnet.AntMap] [] - Computing ant ways
16:50:46.193 INFO  [d.f.a.antnet.AntMap] [] - Ant ways computed
16:50:46.193 INFO  [d.f.a.antnet.AntMap] [] - Computing incoming and outgoing ways
16:50:46.208 INFO  [d.f.a.antnet.AntMap] [] - Incoming and outgoing ways computed
16:50:46.208 INFO  [d.f.a.antnet.AntMap] [] - Computing sources and destinations
16:50:46.208 INFO  [d.f.a.antnet.AntMap] [] - 140 sources and 140 destinations computed, took 0 ms
16:50:46.208 INFO  [d.f.a.a.AntNodeSupervisor] [akka://AntScout/user/antScout/antNode] - Initializing nodes
16:50:46.442 INFO  [d.f.a.antnet.AntMap] [] - Calculating shortest paths
16:50:46.785 INFO  [d.f.a.antnet.AntMap] [] - Shortest paths calculated, took 343 ms
16:50:47.082 WARN  [d.f.a.c.Statistics] [] - Unknown message: CometName(statistics)
16:50:47.113 WARN  [d.f.a.c.UserInterface] [] - Unknown message: CometName(userInterface)
16:50:47.238 INFO  [d.f.a.a.AntNodeSupervisor] [akka://AntScout/user/antScout/antNode] - Nodes initialized
17:00:34.321 ERROR [a.a.ActorSystemImpl] [ActorSystem(AntScout)] - Uncaught error from thread [AntScout-ant-node-dispatcher-12] shutting down JVM since 'akka.jvm-exit-on-fatal-error' is enabled
java.lang.OutOfMemoryError: GC overhead limit exceeded
	at java.util.Arrays.copyOf(Arrays.java:2367) ~[na:1.7.0_21]
	at java.lang.AbstractStringBuilder.expandCapacity(AbstractStringBuilder.java:130) ~[na:1.7.0_21]
	at java.lang.AbstractStringBuilder.ensureCapacityInternal(AbstractStringBuilder.java:114) ~[na:1.7.0_21]
	at java.lang.AbstractStringBuilder.append(AbstractStringBuilder.java:415) ~[na:1.7.0_21]
	at java.lang.StringBuilder.append(StringBuilder.java:132) ~[na:1.7.0_21]
	at scala.collection.mutable.StringBuilder.append(StringBuilder.scala:187) ~[scala-library.jar:0.12.0]
	at net.liftweb.http.SessionVar.doSync(Vars.scala:113) ~[lift-webkit_2.9.2-2.5-M3.jar:2.5-M3]
	at net.liftweb.util.AnyVarTrait$class.is(AnyVar.scala:136) ~[lift-util_2.9.2-2.5-M3.jar:2.5-M3]
	at net.liftweb.util.AnyVar.is(AnyVar.scala:89) ~[lift-util_2.9.2-2.5-M3.jar:2.5-M3]
	at net.liftweb.util.AnyVar$.whatVarIs(AnyVar.scala:249) ~[lift-util_2.9.2-2.5-M3.jar:2.5-M3]
	at de.fhwedel.antscout.antnet.AntNode$$anonfun$7$$anonfun$8$$anonfun$apply$6.apply(AntNode.scala:167) ~[classes/:na]
	at de.fhwedel.antscout.antnet.AntNode$$anonfun$7$$anonfun$8$$anonfun$apply$6.apply(AntNode.scala:165) ~[classes/:na]
	at scala.collection.TraversableLike$$anonfun$map$1.apply(TraversableLike.scala:233) ~[scala-library.jar:0.12.0]
	at scala.collection.TraversableLike$$anonfun$map$1.apply(TraversableLike.scala:233) ~[scala-library.jar:0.12.0]
	at scala.collection.immutable.HashSet$HashSet1.foreach(HashSet.scala:130) ~[scala-library.jar:0.12.0]
	at scala.collection.immutable.HashSet$HashTrieSet.foreach(HashSet.scala:275) ~[scala-library.jar:0.12.0]
	at scala.collection.immutable.HashSet$HashTrieSet.foreach(HashSet.scala:275) ~[scala-library.jar:0.12.0]
	at scala.collection.TraversableLike$class.map(TraversableLike.scala:233) ~[scala-library.jar:0.12.0]
	at scala.collection.immutable.HashSet.scala$collection$SetLike$$super$map(HashSet.scala:33) ~[scala-library.jar:0.12.0]
	at scala.collection.SetLike$class.map(SetLike.scala:93) ~[scala-library.jar:0.12.0]
	at scala.collection.immutable.HashSet.map(HashSet.scala:33) ~[scala-library.jar:0.12.0]
	at de.fhwedel.antscout.antnet.AntNode$$anonfun$7$$anonfun$8.apply(AntNode.scala:165) ~[classes/:na]
	at de.fhwedel.antscout.antnet.AntNode$$anonfun$7$$anonfun$8.apply(AntNode.scala:165) ~[classes/:na]
	at net.liftweb.http.S$class.net$liftweb$http$S$$wrapQuery(S.scala:1453) ~[lift-webkit_2.9.2-2.5-M3.jar:2.5-M3]
	at net.liftweb.http.S$$anonfun$net$liftweb$http$S$$_nest2InnerInit$1$$anonfun$apply$36.apply(S.scala:1601) ~[lift-webkit_2.9.2-2.5-M3.jar:2.5-M3]
	at net.liftweb.http.S$class.net$liftweb$http$S$$doAround(S.scala:1382) ~[lift-webkit_2.9.2-2.5-M3.jar:2.5-M3]
	at net.liftweb.http.S$$anonfun$net$liftweb$http$S$$_nest2InnerInit$1.apply(S.scala:1599) ~[lift-webkit_2.9.2-2.5-M3.jar:2.5-M3]
	at net.liftweb.util.ThreadGlobal.doWith(ThreadGlobal.scala:71) ~[lift-util_2.9.2-2.5-M3.jar:2.5-M3]
	at net.liftweb.http.S$class.net$liftweb$http$S$$_nest2InnerInit(S.scala:1598) ~[lift-webkit_2.9.2-2.5-M3.jar:2.5-M3]
	at net.liftweb.http.S$$anonfun$net$liftweb$http$S$$_innerInit$1$$anonfun$apply$40$$anonfun$apply$41$$anonfun$apply$42$$anonfun$apply$43.apply(S.scala:1642) ~[lift-webkit_2.9.2-2.5-M3.jar:2.5-M3]
	at net.liftweb.util.ThreadGlobal.doWith(ThreadGlobal.scala:71) ~[lift-util_2.9.2-2.5-M3.jar:2.5-M3]
	at net.liftweb.http.S$$anonfun$withReq$1.apply(S.scala:1652) ~[lift-webkit_2.9.2-2.5-M3.jar:2.5-M3]
