04:27:07.579 INFO  [d.f.a.osm.OsmMap] [] - Loading file maps/Map.osm
04:27:07.875 INFO  [d.f.a.osm.OsmMap] [] - Initializing
04:27:07.875 INFO  [d.f.a.osm.OsmMap] [] - Parsing nodes
04:27:07.985 INFO  [d.f.a.osm.OsmMap] [] - 7184 nodes parsed in 110 milliseconds
04:27:07.985 INFO  [d.f.a.osm.OsmMap] [] - Parsing ways
04:27:09.389 INFO  [d.f.a.osm.OsmMap] [] - 1384 ways parsed in 1404 milliseconds
04:27:09.389 INFO  [d.f.a.osm.OsmMap] [] - Computing node ways mapping
04:27:09.623 INFO  [d.f.a.osm.OsmMap] [] - Node ways mapping with 7184 elements computed, took 141 ms
04:27:09.623 INFO  [d.f.a.r.RoutingService] [akka://AntScout/user/antScout/routingService] - Initialized
04:27:09.638 INFO  [d.f.a.antnet.AntMap] [] - Preparing
04:27:09.669 INFO  [d.f.a.antnet.AntMap] [] - Computing ant ways data
04:27:09.685 INFO  [d.f.a.antnet.AntMap] [] - 10 ant ways data computed, took 16 ms
04:27:09.685 INFO  [d.f.a.antnet.AntMap] [] - Computing nodes
04:27:09.701 INFO  [d.f.a.antnet.AntMap] [] - 12 nodes computed
04:27:09.701 INFO  [d.f.a.a.AntNodeSupervisor] [akka://AntScout/user/antScout/antNode] - Initializing
04:27:09.701 INFO  [d.f.a.a.AntNodeSupervisor] [akka://AntScout/user/antScout/antNode] - Initialized
04:27:09.701 INFO  [d.f.a.antnet.AntMap] [] - Computing ant ways
04:27:09.732 INFO  [d.f.a.antnet.AntMap] [] - Ant ways computed
04:27:09.732 INFO  [d.f.a.antnet.AntMap] [] - Computing incoming and outgoing ways
04:27:09.732 INFO  [d.f.a.antnet.AntMap] [] - Incoming and outgoing ways computed
04:27:09.732 INFO  [d.f.a.antnet.AntMap] [] - Computing sources and destinations
04:27:09.732 INFO  [d.f.a.antnet.AntMap] [] - 11 sources and 12 destinations computed, took 0 ms
04:27:09.747 INFO  [d.f.a.a.AntNodeSupervisor] [akka://AntScout/user/antScout/antNode] - Initializing nodes
04:27:09.747 INFO  [d.f.a.antnet.AntMap] [] - Calculating shortest paths
04:27:09.763 INFO  [d.f.a.antnet.AntMap] [] - Shortest paths calculated, took 16 ms
04:27:09.779 INFO  [d.f.a.a.AntNodeSupervisor] [akka://AntScout/user/antScout/antNode] - Nodes initialized
04:47:51.904 INFO  [d.f.a.osm.OsmMap] [] - Loading file maps/Map.osm
04:47:52.185 INFO  [d.f.a.osm.OsmMap] [] - Initializing
04:47:52.185 INFO  [d.f.a.osm.OsmMap] [] - Parsing nodes
04:47:52.294 INFO  [d.f.a.osm.OsmMap] [] - 7184 nodes parsed in 109 milliseconds
04:47:52.294 INFO  [d.f.a.osm.OsmMap] [] - Parsing ways
04:47:53.682 INFO  [d.f.a.osm.OsmMap] [] - 1384 ways parsed in 1388 milliseconds
04:47:53.682 INFO  [d.f.a.osm.OsmMap] [] - Computing node ways mapping
04:47:53.838 INFO  [d.f.a.osm.OsmMap] [] - Node ways mapping with 7184 elements computed, took 124 ms
04:47:53.854 INFO  [d.f.a.r.RoutingService] [akka://AntScout/user/antScout/routingService] - Initialized
04:47:53.854 INFO  [d.f.a.d.DijkstraService] [akka://AntScout/user/antScout/dijkstra] - Initialized
04:47:53.854 INFO  [d.f.a.antnet.AntMap] [] - Preparing
04:47:53.885 INFO  [d.f.a.antnet.AntMap] [] - Computing ant ways data
04:47:53.901 INFO  [d.f.a.antnet.AntMap] [] - 10 ant ways data computed, took 16 ms
04:47:53.901 INFO  [d.f.a.antnet.AntMap] [] - Computing nodes
04:47:53.901 INFO  [d.f.a.antnet.AntMap] [] - 12 nodes computed
04:47:53.901 INFO  [d.f.a.a.AntNodeSupervisor] [akka://AntScout/user/antScout/antNode] - Initializing
04:47:53.916 INFO  [d.f.a.a.AntNodeSupervisor] [akka://AntScout/user/antScout/antNode] - Initialized
04:47:53.916 INFO  [d.f.a.antnet.AntMap] [] - Computing ant ways
04:47:53.932 INFO  [d.f.a.antnet.AntMap] [] - Ant ways computed
04:47:53.932 INFO  [d.f.a.antnet.AntMap] [] - Computing incoming and outgoing ways
04:47:53.932 INFO  [d.f.a.antnet.AntMap] [] - Incoming and outgoing ways computed
04:47:53.932 INFO  [d.f.a.antnet.AntMap] [] - Computing sources and destinations
04:47:53.932 INFO  [d.f.a.antnet.AntMap] [] - 11 sources and 12 destinations computed, took 0 ms
04:47:53.948 INFO  [d.f.a.a.AntNodeSupervisor] [akka://AntScout/user/antScout/antNode] - Initializing nodes
04:47:53.948 INFO  [d.f.a.antnet.AntMap] [] - Calculating shortest paths
04:47:53.963 INFO  [d.f.a.antnet.AntMap] [] - Shortest paths calculated, took 15 ms
04:47:54.150 INFO  [d.f.a.a.AntNodeSupervisor] [akka://AntScout/user/antScout/antNode] - Nodes initialized
