03:43:57.474 INFO  [d.f.a.osm.OsmMap] [] - Loading file maps/Altona-Wedel.osm
03:43:57.817 INFO  [d.f.a.osm.OsmMap] [] - Initializing
03:43:57.833 INFO  [d.f.a.osm.OsmMap] [] - Parsing nodes
03:43:58.145 INFO  [d.f.a.osm.OsmMap] [] - 7983 nodes parsed in 250 milliseconds
03:43:58.161 INFO  [d.f.a.osm.OsmMap] [] - Parsing ways
03:44:00.547 INFO  [d.f.a.osm.OsmMap] [] - 1914 ways parsed in 2340 milliseconds
03:44:00.547 INFO  [d.f.a.osm.OsmMap] [] - Computing node ways mapping
03:44:00.953 INFO  [d.f.a.osm.OsmMap] [] - Node ways mapping with 7983 elements computed, took 234 ms
03:44:01.015 INFO  [d.f.a.d.DijkstraService] [akka://AntScout/user/antScout/dijkstra] - Initialized
03:44:01.171 INFO  [d.f.a.antnet.AntMap] [] - Preparing
03:44:01.374 INFO  [d.f.a.antnet.AntMap] [] - Computing ant ways data
03:44:02.076 INFO  [d.f.a.antnet.AntMap] [] - 208 ant ways data computed, took 671 ms
03:44:02.092 INFO  [d.f.a.antnet.AntMap] [] - Computing nodes
03:44:02.123 INFO  [d.f.a.antnet.AntMap] [] - 144 nodes computed
03:44:02.139 INFO  [d.f.a.antnet.JamGen] [akka://AntScout/user/antScout/jamgen] - Initialized
03:44:02.154 INFO  [d.f.a.a.AntNodeSupervisor] [akka://AntScout/user/antScout/antNode] - Initializing
03:44:02.248 INFO  [d.f.a.a.AntNodeSupervisor] [akka://AntScout/user/antScout/antNode] - Initialized
03:44:02.326 INFO  [d.f.a.antnet.AntMap] [] - Computing ant ways
03:44:02.544 INFO  [d.f.a.antnet.AntMap] [] - Ant ways computed
03:44:02.591 INFO  [d.f.a.antnet.AntMap] [] - Computing incoming and outgoing ways
03:44:02.731 INFO  [d.f.a.antnet.AntMap] [] - Incoming and outgoing ways computed
03:44:02.747 INFO  [d.f.a.antnet.AntMap] [] - Computing sources and destinations
03:44:02.809 INFO  [d.f.a.antnet.AntMap] [] - 140 sources and 140 destinations computed, took 15 ms
03:44:03.418 WARN  [d.f.a.c.Statistics] [] - Unknown message: CometName(statistics)
03:44:03.683 WARN  [d.f.a.c.UserInterface] [] - Unknown message: CometName(userInterface)
03:44:10.553 INFO  [d.f.a.dijkstra.Graph] [] - erti: Pfad gefunden
03:44:17.979 INFO  [d.f.a.rest.Rest] [] - Rest: Weg wird geändert!
03:44:18.182 INFO  [d.f.a.rest.Rest] [] - Rest: Weg ist Teil der aktuellen Lösung
03:44:18.213 INFO  [d.f.a.rest.Rest] [] - Rest: Dijkstra berechnet neuen Weg
03:45:37.205 INFO  [d.f.a.osm.OsmMap] [] - Loading file maps/Altona-Wedel.osm
03:45:37.470 INFO  [d.f.a.osm.OsmMap] [] - Initializing
03:45:37.532 INFO  [d.f.a.osm.OsmMap] [] - Parsing nodes
03:45:37.657 INFO  [d.f.a.osm.OsmMap] [] - 7983 nodes parsed in 125 milliseconds
03:45:37.657 INFO  [d.f.a.osm.OsmMap] [] - Parsing ways
03:45:39.436 INFO  [d.f.a.osm.OsmMap] [] - 1914 ways parsed in 1779 milliseconds
03:45:39.436 INFO  [d.f.a.osm.OsmMap] [] - Computing node ways mapping
03:45:39.670 INFO  [d.f.a.osm.OsmMap] [] - Node ways mapping with 7983 elements computed, took 188 ms
03:45:39.670 INFO  [d.f.a.d.DijkstraService] [akka://AntScout/user/antScout/dijkstra] - Initialized
03:45:39.670 INFO  [d.f.a.antnet.AntMap] [] - Preparing
03:45:39.716 INFO  [d.f.a.antnet.AntMap] [] - Computing ant ways data
03:45:39.826 INFO  [d.f.a.antnet.AntMap] [] - 208 ant ways data computed, took 110 ms
03:45:39.826 INFO  [d.f.a.antnet.AntMap] [] - Computing nodes
03:45:39.826 INFO  [d.f.a.antnet.AntMap] [] - 144 nodes computed
03:45:39.826 INFO  [d.f.a.a.AntNodeSupervisor] [akka://AntScout/user/antScout/antNode] - Initializing
03:45:39.826 INFO  [d.f.a.antnet.JamGen] [akka://AntScout/user/antScout/jamgen] - Initialized
03:45:39.841 INFO  [d.f.a.a.AntNodeSupervisor] [akka://AntScout/user/antScout/antNode] - Initialized
03:45:39.841 INFO  [d.f.a.antnet.AntMap] [] - Computing ant ways
03:45:39.888 INFO  [d.f.a.antnet.AntMap] [] - Ant ways computed
03:45:39.888 INFO  [d.f.a.antnet.AntMap] [] - Computing incoming and outgoing ways
03:45:39.919 INFO  [d.f.a.antnet.AntMap] [] - Incoming and outgoing ways computed
03:45:39.919 INFO  [d.f.a.antnet.AntMap] [] - Computing sources and destinations
03:45:39.919 INFO  [d.f.a.antnet.AntMap] [] - 140 sources and 140 destinations computed, took 0 ms
03:45:41.356 WARN  [d.f.a.c.Statistics] [] - Unknown message: CometName(statistics)
03:45:41.372 WARN  [d.f.a.c.UserInterface] [] - Unknown message: CometName(userInterface)
03:45:47.211 INFO  [d.f.a.dijkstra.Graph] [] - erti: Pfad gefunden
03:45:55.011 INFO  [d.f.a.rest.Rest] [] - Rest: Weg wird geändert!
03:45:55.042 INFO  [d.f.a.rest.Rest] [] - Rest: Weg ist Teil der aktuellen Lösung
03:45:55.042 INFO  [d.f.a.rest.Rest] [] - Rest: Dijkstra berechnet neuen Weg
04:39:07.513 INFO  [d.f.a.osm.OsmMap] [] - Loading file maps/Altona-Wedel.osm
04:39:07.743 INFO  [d.f.a.osm.OsmMap] [] - Initializing
04:39:07.753 INFO  [d.f.a.osm.OsmMap] [] - Parsing nodes
04:39:07.853 INFO  [d.f.a.osm.OsmMap] [] - 7983 nodes parsed in 100 milliseconds
04:39:07.853 INFO  [d.f.a.osm.OsmMap] [] - Parsing ways
04:39:09.773 INFO  [d.f.a.osm.OsmMap] [] - 1914 ways parsed in 1920 milliseconds
04:39:09.773 INFO  [d.f.a.osm.OsmMap] [] - Computing node ways mapping
04:39:09.993 INFO  [d.f.a.osm.OsmMap] [] - Node ways mapping with 7983 elements computed, took 200 ms
04:39:09.993 INFO  [d.f.a.d.DijkstraService] [akka://AntScout/user/antScout/dijkstra] - Initialized
04:39:10.003 INFO  [d.f.a.antnet.AntMap] [] - Preparing
04:39:10.033 INFO  [d.f.a.antnet.AntMap] [] - Computing ant ways data
04:39:10.163 INFO  [d.f.a.antnet.AntMap] [] - 208 ant ways data computed, took 130 ms
04:39:10.163 INFO  [d.f.a.antnet.AntMap] [] - Computing nodes
04:39:10.163 INFO  [d.f.a.antnet.AntMap] [] - 144 nodes computed
04:39:10.163 INFO  [d.f.a.a.AntNodeSupervisor] [akka://AntScout/user/antScout/antNode] - Initializing
04:39:10.163 INFO  [d.f.a.antnet.JamGen] [akka://AntScout/user/antScout/jamgen] - Initialized
04:39:10.173 INFO  [d.f.a.a.AntNodeSupervisor] [akka://AntScout/user/antScout/antNode] - Initialized
04:39:10.173 INFO  [d.f.a.antnet.AntMap] [] - Computing ant ways
04:39:10.233 INFO  [d.f.a.antnet.AntMap] [] - Ant ways computed
04:39:10.233 INFO  [d.f.a.antnet.AntMap] [] - Computing incoming and outgoing ways
04:39:10.263 INFO  [d.f.a.antnet.AntMap] [] - Incoming and outgoing ways computed
04:39:10.263 INFO  [d.f.a.antnet.AntMap] [] - Computing sources and destinations
04:39:10.263 INFO  [d.f.a.antnet.AntMap] [] - 140 sources and 140 destinations computed, took 0 ms
04:39:14.806 WARN  [d.f.a.c.Statistics] [] - Unknown message: CometName(statistics)
04:39:14.816 WARN  [d.f.a.c.UserInterface] [] - Unknown message: CometName(userInterface)
04:39:21.571 INFO  [d.f.a.dijkstra.Graph] [] - erti: Pfad gefunden
04:39:27.041 INFO  [d.f.a.rest.Rest] [] - Rest: Weg wird geändert!
04:39:27.061 INFO  [d.f.a.rest.Rest] [] - Rest: Dijkstra berechnet Weg neu
04:39:27.071 INFO  [d.f.a.dijkstra.Graph] [] - erti: Pfad gefunden
04:39:34.902 INFO  [d.f.a.dijkstra.Graph] [] - erti: Pfad gefunden
04:39:42.515 INFO  [d.f.a.rest.Rest] [] - Rest: Weg wird geändert!
04:39:42.525 INFO  [d.f.a.rest.Rest] [] - Rest: Dijkstra berechnet Weg neu
04:39:42.535 INFO  [d.f.a.dijkstra.Graph] [] - erti: Pfad gefunden
04:40:52.479 INFO  [d.f.a.osm.OsmMap] [] - Loading file maps/Altona-Wedel.osm
04:40:52.759 INFO  [d.f.a.osm.OsmMap] [] - Initializing
04:40:52.759 INFO  [d.f.a.osm.OsmMap] [] - Parsing nodes
04:40:52.889 INFO  [d.f.a.osm.OsmMap] [] - 7983 nodes parsed in 130 milliseconds
04:40:52.889 INFO  [d.f.a.osm.OsmMap] [] - Parsing ways
04:40:53.149 WARN  [d.f.a.c.Statistics] [] - Unknown message: CometName(statistics)
04:40:53.159 WARN  [d.f.a.c.UserInterface] [] - Unknown message: CometName(userInterface)
04:40:53.486 ERROR [n.l.http.LiftRules] [] - Exception being returned to browser when processing Req(List(), Map(), ParsePath(List(ways),,true,false), , GetRequest, Empty)
java.lang.NullPointerException: null
	at de.fhwedel.antscout.rest.Rest$$anonfun$1.apply(Rest.scala:87) ~[classes/:na]
	at de.fhwedel.antscout.rest.Rest$$anonfun$1.apply(Rest.scala:25) ~[classes/:na]
	at net.liftweb.http.rest.RestHelper$class.apply(RestHelper.scala:508) ~[lift-webkit_2.9.2-2.5-M3.jar:2.5-M3]
	at de.fhwedel.antscout.rest.Rest$.apply(Rest.scala:21) ~[classes/:na]
	at de.fhwedel.antscout.rest.Rest$.apply(Rest.scala:21) ~[classes/:na]
	at net.liftweb.http.LiftServlet$$anonfun$liftedTree1$1$1.apply(LiftServlet.scala:351) ~[lift-webkit_2.9.2-2.5-M3.jar:2.5-M3]
	at net.liftweb.http.LiftServlet$$anonfun$liftedTree1$1$1.apply(LiftServlet.scala:351) ~[lift-webkit_2.9.2-2.5-M3.jar:2.5-M3]
	at net.liftweb.util.ThreadGlobal.doWith(ThreadGlobal.scala:71) [lift-util_2.9.2-2.5-M3.jar:2.5-M3]
	at net.liftweb.http.S$class.functionLifespan(S.scala:1712) ~[lift-webkit_2.9.2-2.5-M3.jar:2.5-M3]
	at net.liftweb.http.S$.functionLifespan(S.scala:47) ~[lift-webkit_2.9.2-2.5-M3.jar:2.5-M3]
	at net.liftweb.http.LiftServlet.liftedTree1$1(LiftServlet.scala:350) [lift-webkit_2.9.2-2.5-M3.jar:2.5-M3]
	at net.liftweb.http.LiftServlet.net$liftweb$http$LiftServlet$$dispatchStatefulRequest(LiftServlet.scala:337) [lift-webkit_2.9.2-2.5-M3.jar:2.5-M3]
	at net.liftweb.http.LiftServlet$$anonfun$doSession$1$1.apply(LiftServlet.scala:286) ~[lift-webkit_2.9.2-2.5-M3.jar:2.5-M3]
	at net.liftweb.http.LiftServlet$$anonfun$doSession$1$1.apply(LiftServlet.scala:286) ~[lift-webkit_2.9.2-2.5-M3.jar:2.5-M3]
	at net.liftweb.http.S$class.net$liftweb$http$S$$wrapQuery(S.scala:1453) ~[lift-webkit_2.9.2-2.5-M3.jar:2.5-M3]
	at net.liftweb.http.S$$anonfun$net$liftweb$http$S$$_nest2InnerInit$1$$anonfun$apply$36.apply(S.scala:1601) ~[lift-webkit_2.9.2-2.5-M3.jar:2.5-M3]
	at net.liftweb.http.S$class.net$liftweb$http$S$$doAround(S.scala:1382) ~[lift-webkit_2.9.2-2.5-M3.jar:2.5-M3]
	at net.liftweb.http.S$$anonfun$net$liftweb$http$S$$_nest2InnerInit$1.apply(S.scala:1599) ~[lift-webkit_2.9.2-2.5-M3.jar:2.5-M3]
	at net.liftweb.util.ThreadGlobal.doWith(ThreadGlobal.scala:71) [lift-util_2.9.2-2.5-M3.jar:2.5-M3]
	at net.liftweb.http.S$class.net$liftweb$http$S$$_nest2InnerInit(S.scala:1598) ~[lift-webkit_2.9.2-2.5-M3.jar:2.5-M3]
	at net.liftweb.http.S$$anonfun$net$liftweb$http$S$$_innerInit$1$$anonfun$apply$40$$anonfun$apply$41$$anonfun$apply$42$$anonfun$apply$43.apply(S.scala:1642) ~[lift-webkit_2.9.2-2.5-M3.jar:2.5-M3]
	at net.liftweb.util.ThreadGlobal.doWith(ThreadGlobal.scala:71) [lift-util_2.9.2-2.5-M3.jar:2.5-M3]
	at net.liftweb.http.S$$anonfun$withReq$1.apply(S.scala:1652) ~[lift-webkit_2.9.2-2.5-M3.jar:2.5-M3]
	at net.liftweb.util.ThreadGlobal.doWith(ThreadGlobal.scala:71) [lift-util_2.9.2-2.5-M3.jar:2.5-M3]
	at net.liftweb.http.S$class.withReq(S.scala:1651) ~[lift-webkit_2.9.2-2.5-M3.jar:2.5-M3]
	at net.liftweb.http.S$.withReq(S.scala:47) ~[lift-webkit_2.9.2-2.5-M3.jar:2.5-M3]
	at net.liftweb.http.S$$anonfun$net$liftweb$http$S$$_innerInit$1$$anonfun$apply$40$$anonfun$apply$41$$anonfun$apply$42.apply(S.scala:1638) ~[lift-webkit_2.9.2-2.5-M3.jar:2.5-M3]
	at net.liftweb.util.ThreadGlobal.doWith(ThreadGlobal.scala:71) [lift-util_2.9.2-2.5-M3.jar:2.5-M3]
	at net.liftweb.http.S$$anonfun$net$liftweb$http$S$$_innerInit$1$$anonfun$apply$40$$anonfun$apply$41.apply(S.scala:1636) ~[lift-webkit_2.9.2-2.5-M3.jar:2.5-M3]
	at net.liftweb.util.ThreadGlobal.doWith(ThreadGlobal.scala:71) [lift-util_2.9.2-2.5-M3.jar:2.5-M3]
	at net.liftweb.http.S$$anonfun$net$liftweb$http$S$$_innerInit$1$$anonfun$apply$40.apply(S.scala:1635) ~[lift-webkit_2.9.2-2.5-M3.jar:2.5-M3]
	at net.liftweb.util.ThreadGlobal.doWith(ThreadGlobal.scala:71) [lift-util_2.9.2-2.5-M3.jar:2.5-M3]
	at net.liftweb.http.S$$anonfun$net$liftweb$http$S$$_innerInit$1.apply(S.scala:1634) ~[lift-webkit_2.9.2-2.5-M3.jar:2.5-M3]
	at net.liftweb.util.ThreadGlobal.doWith(ThreadGlobal.scala:71) [lift-util_2.9.2-2.5-M3.jar:2.5-M3]
	at net.liftweb.http.S$class.net$liftweb$http$S$$_innerInit(S.scala:1633) ~[lift-webkit_2.9.2-2.5-M3.jar:2.5-M3]
	at net.liftweb.http.S$$anonfun$net$liftweb$http$S$$_init$1$$anonfun$apply$46$$anonfun$apply$47$$anonfun$apply$48$$anonfun$apply$49$$anonfun$apply$50.apply(S.scala:1675) ~[lift-webkit_2.9.2-2.5-M3.jar:2.5-M3]
	at net.liftweb.util.ThreadGlobal.doWith(ThreadGlobal.scala:71) [lift-util_2.9.2-2.5-M3.jar:2.5-M3]
	at net.liftweb.http.S$$anonfun$net$liftweb$http$S$$_init$1$$anonfun$apply$46$$anonfun$apply$47$$anonfun$apply$48$$anonfun$apply$49.apply(S.scala:1673) ~[lift-webkit_2.9.2-2.5-M3.jar:2.5-M3]
	at net.liftweb.http.CoreRequestVarHandler$class.apply(Vars.scala:613) [lift-webkit_2.9.2-2.5-M3.jar:2.5-M3]
	at net.liftweb.http.RequestVarHandler$.apply(Vars.scala:515) [lift-webkit_2.9.2-2.5-M3.jar:2.5-M3]
	at net.liftweb.http.S$$anonfun$net$liftweb$http$S$$_init$1$$anonfun$apply$46$$anonfun$apply$47$$anonfun$apply$48.apply(S.scala:1672) ~[lift-webkit_2.9.2-2.5-M3.jar:2.5-M3]
	at net.liftweb.http.CoreRequestVarHandler$class.apply(Vars.scala:613) [lift-webkit_2.9.2-2.5-M3.jar:2.5-M3]
	at net.liftweb.http.TransientRequestVarHandler$.apply(Vars.scala:528) [lift-webkit_2.9.2-2.5-M3.jar:2.5-M3]
	at net.liftweb.http.S$$anonfun$net$liftweb$http$S$$_init$1$$anonfun$apply$46$$anonfun$apply$47.apply(S.scala:1671) ~[lift-webkit_2.9.2-2.5-M3.jar:2.5-M3]
	at net.liftweb.util.ThreadGlobal.doWith(ThreadGlobal.scala:71) [lift-util_2.9.2-2.5-M3.jar:2.5-M3]
	at net.liftweb.http.S$$anonfun$net$liftweb$http$S$$_init$1$$anonfun$apply$46.apply(S.scala:1670) ~[lift-webkit_2.9.2-2.5-M3.jar:2.5-M3]
	at net.liftweb.util.ThreadGlobal.doWith(ThreadGlobal.scala:71) [lift-util_2.9.2-2.5-M3.jar:2.5-M3]
	at net.liftweb.http.S$$anonfun$net$liftweb$http$S$$_init$1.apply(S.scala:1669) ~[lift-webkit_2.9.2-2.5-M3.jar:2.5-M3]
	at net.liftweb.util.ThreadGlobal.doWith(ThreadGlobal.scala:71) [lift-util_2.9.2-2.5-M3.jar:2.5-M3]
	at net.liftweb.http.S$class.net$liftweb$http$S$$_init(S.scala:1668) ~[lift-webkit_2.9.2-2.5-M3.jar:2.5-M3]
	at net.liftweb.http.S$class.init(S.scala:1267) ~[lift-webkit_2.9.2-2.5-M3.jar:2.5-M3]
	at net.liftweb.http.S$.init(S.scala:47) ~[lift-webkit_2.9.2-2.5-M3.jar:2.5-M3]
	at net.liftweb.http.LiftServlet.doSession$1(LiftServlet.scala:285) [lift-webkit_2.9.2-2.5-M3.jar:2.5-M3]
	at net.liftweb.http.LiftServlet.doService(LiftServlet.scala:295) [lift-webkit_2.9.2-2.5-M3.jar:2.5-M3]
	at net.liftweb.http.LiftServlet$$anonfun$doIt$1$1.apply(LiftServlet.scala:133) [lift-webkit_2.9.2-2.5-M3.jar:2.5-M3]
	at net.liftweb.http.LiftServlet$$anonfun$doIt$1$1.apply(LiftServlet.scala:132) [lift-webkit_2.9.2-2.5-M3.jar:2.5-M3]
	at net.liftweb.util.TimeHelpers$class.calcTime(TimeHelpers.scala:345) [lift-util_2.9.2-2.5-M3.jar:2.5-M3]
	at net.liftweb.util.Helpers$.calcTime(Helpers.scala:34) [lift-util_2.9.2-2.5-M3.jar:2.5-M3]
	at net.liftweb.util.TimeHelpers$class.logTime(TimeHelpers.scala:364) [lift-util_2.9.2-2.5-M3.jar:2.5-M3]
	at net.liftweb.util.Helpers$.logTime(Helpers.scala:34) [lift-util_2.9.2-2.5-M3.jar:2.5-M3]
	at net.liftweb.http.LiftServlet.doIt$1(LiftServlet.scala:132) [lift-webkit_2.9.2-2.5-M3.jar:2.5-M3]
	at net.liftweb.http.LiftServlet.service(LiftServlet.scala:143) [lift-webkit_2.9.2-2.5-M3.jar:2.5-M3]
	at net.liftweb.http.provider.HTTPProvider$$anonfun$service$2$$anonfun$apply$mcV$sp$1$$anonfun$apply$mcV$sp$2.apply$mcV$sp(HTTPProvider.scala:72) [lift-webkit_2.9.2-2.5-M3.jar:2.5-M3]
	at net.liftweb.http.provider.HTTPProvider$$anonfun$service$2$$anonfun$apply$mcV$sp$1$$anonfun$apply$mcV$sp$2.apply(HTTPProvider.scala:71) [lift-webkit_2.9.2-2.5-M3.jar:2.5-M3]
	at net.liftweb.http.provider.HTTPProvider$$anonfun$service$2$$anonfun$apply$mcV$sp$1$$anonfun$apply$mcV$sp$2.apply(HTTPProvider.scala:71) [lift-webkit_2.9.2-2.5-M3.jar:2.5-M3]
	at net.liftweb.util.ThreadGlobal.doWith(ThreadGlobal.scala:71) [lift-util_2.9.2-2.5-M3.jar:2.5-M3]
	at net.liftweb.http.URLRewriter$.doWith(Req.scala:1278) [lift-webkit_2.9.2-2.5-M3.jar:2.5-M3]
	at net.liftweb.http.provider.HTTPProvider$$anonfun$service$2$$anonfun$apply$mcV$sp$1.apply$mcV$sp(HTTPProvider.scala:70) [lift-webkit_2.9.2-2.5-M3.jar:2.5-M3]
	at net.liftweb.http.provider.HTTPProvider$$anonfun$service$2$$anonfun$apply$mcV$sp$1.apply(HTTPProvider.scala:70) [lift-webkit_2.9.2-2.5-M3.jar:2.5-M3]
	at net.liftweb.http.provider.HTTPProvider$$anonfun$service$2$$anonfun$apply$mcV$sp$1.apply(HTTPProvider.scala:70) [lift-webkit_2.9.2-2.5-M3.jar:2.5-M3]
	at net.liftweb.util.ThreadGlobal.doWith(ThreadGlobal.scala:71) [lift-util_2.9.2-2.5-M3.jar:2.5-M3]
	at net.liftweb.http.provider.HTTPProvider$$anonfun$service$2.apply$mcV$sp(HTTPProvider.scala:66) [lift-webkit_2.9.2-2.5-M3.jar:2.5-M3]
	at net.liftweb.http.provider.HTTPProvider$$anonfun$service$2.apply(HTTPProvider.scala:60) [lift-webkit_2.9.2-2.5-M3.jar:2.5-M3]
	at net.liftweb.http.provider.HTTPProvider$$anonfun$service$2.apply(HTTPProvider.scala:60) [lift-webkit_2.9.2-2.5-M3.jar:2.5-M3]
	at net.liftweb.util.ThreadGlobal.doWith(ThreadGlobal.scala:71) [lift-util_2.9.2-2.5-M3.jar:2.5-M3]
	at net.liftweb.http.provider.HTTPProvider$class.service(HTTPProvider.scala:60) [lift-webkit_2.9.2-2.5-M3.jar:2.5-M3]
	at net.liftweb.http.LiftFilter.service(LiftServlet.scala:904) [lift-webkit_2.9.2-2.5-M3.jar:2.5-M3]
	at net.liftweb.http.provider.servlet.ServletFilterProvider$$anonfun$doFilter$1$$anonfun$apply$mcV$sp$1$$anonfun$apply$mcV$sp$2.apply$mcV$sp(ServletFilterProvider.scala:82) [lift-webkit_2.9.2-2.5-M3.jar:2.5-M3]
	at net.liftweb.http.provider.servlet.ServletFilterProvider$$anonfun$doFilter$1$$anonfun$apply$mcV$sp$1$$anonfun$apply$mcV$sp$2.apply(ServletFilterProvider.scala:82) [lift-webkit_2.9.2-2.5-M3.jar:2.5-M3]
	at net.liftweb.http.provider.servlet.ServletFilterProvider$$anonfun$doFilter$1$$anonfun$apply$mcV$sp$1$$anonfun$apply$mcV$sp$2.apply(ServletFilterProvider.scala:82) [lift-webkit_2.9.2-2.5-M3.jar:2.5-M3]
	at net.liftweb.http.provider.servlet.ServletFilterProvider$class.handleLoan$1(ServletFilterProvider.scala:59) [lift-webkit_2.9.2-2.5-M3.jar:2.5-M3]
	at net.liftweb.http.provider.servlet.ServletFilterProvider$class.net$liftweb$http$provider$servlet$ServletFilterProvider$$handleLoanWrappers(ServletFilterProvider.scala:63) [lift-webkit_2.9.2-2.5-M3.jar:2.5-M3]
	at net.liftweb.http.provider.servlet.ServletFilterProvider$$anonfun$doFilter$1$$anonfun$apply$mcV$sp$1.apply$mcV$sp(ServletFilterProvider.scala:82) [lift-webkit_2.9.2-2.5-M3.jar:2.5-M3]
	at net.liftweb.http.provider.servlet.ServletFilterProvider$$anonfun$doFilter$1$$anonfun$apply$mcV$sp$1.apply(ServletFilterProvider.scala:77) [lift-webkit_2.9.2-2.5-M3.jar:2.5-M3]
	at net.liftweb.http.provider.servlet.ServletFilterProvider$$anonfun$doFilter$1$$anonfun$apply$mcV$sp$1.apply(ServletFilterProvider.scala:77) [lift-webkit_2.9.2-2.5-M3.jar:2.5-M3]
	at net.liftweb.http.CoreRequestVarHandler$$anonfun$apply$16$$anonfun$apply$17$$anonfun$apply$18$$anonfun$apply$19.apply(Vars.scala:619) [lift-webkit_2.9.2-2.5-M3.jar:2.5-M3]
	at net.liftweb.util.ThreadGlobal.doWith(ThreadGlobal.scala:71) [lift-util_2.9.2-2.5-M3.jar:2.5-M3]
	at net.liftweb.http.CoreRequestVarHandler$$anonfun$apply$16$$anonfun$apply$17$$anonfun$apply$18.apply(Vars.scala:618) [lift-webkit_2.9.2-2.5-M3.jar:2.5-M3]
	at net.liftweb.util.ThreadGlobal.doWith(ThreadGlobal.scala:71) [lift-util_2.9.2-2.5-M3.jar:2.5-M3]
	at net.liftweb.http.CoreRequestVarHandler$$anonfun$apply$16$$anonfun$apply$17.apply(Vars.scala:617) [lift-webkit_2.9.2-2.5-M3.jar:2.5-M3]
	at net.liftweb.util.ThreadGlobal.doWith(ThreadGlobal.scala:71) [lift-util_2.9.2-2.5-M3.jar:2.5-M3]
	at net.liftweb.http.CoreRequestVarHandler$$anonfun$apply$16.apply(Vars.scala:616) [lift-webkit_2.9.2-2.5-M3.jar:2.5-M3]
	at net.liftweb.util.ThreadGlobal.doWith(ThreadGlobal.scala:71) [lift-util_2.9.2-2.5-M3.jar:2.5-M3]
	at net.liftweb.http.CoreRequestVarHandler$class.apply(Vars.scala:615) [lift-webkit_2.9.2-2.5-M3.jar:2.5-M3]
	at net.liftweb.http.RequestVarHandler$.apply(Vars.scala:515) [lift-webkit_2.9.2-2.5-M3.jar:2.5-M3]
	at net.liftweb.http.provider.servlet.ServletFilterProvider$$anonfun$doFilter$1.apply$mcV$sp(ServletFilterProvider.scala:75) [lift-webkit_2.9.2-2.5-M3.jar:2.5-M3]
	at net.liftweb.http.provider.servlet.ServletFilterProvider$$anonfun$doFilter$1.apply(ServletFilterProvider.scala:75) [lift-webkit_2.9.2-2.5-M3.jar:2.5-M3]
	at net.liftweb.http.provider.servlet.ServletFilterProvider$$anonfun$doFilter$1.apply(ServletFilterProvider.scala:75) [lift-webkit_2.9.2-2.5-M3.jar:2.5-M3]
	at net.liftweb.http.CoreRequestVarHandler$$anonfun$apply$16$$anonfun$apply$17$$anonfun$apply$18$$anonfun$apply$19.apply(Vars.scala:619) [lift-webkit_2.9.2-2.5-M3.jar:2.5-M3]
	at net.liftweb.util.ThreadGlobal.doWith(ThreadGlobal.scala:71) [lift-util_2.9.2-2.5-M3.jar:2.5-M3]
	at net.liftweb.http.CoreRequestVarHandler$$anonfun$apply$16$$anonfun$apply$17$$anonfun$apply$18.apply(Vars.scala:618) [lift-webkit_2.9.2-2.5-M3.jar:2.5-M3]
	at net.liftweb.util.ThreadGlobal.doWith(ThreadGlobal.scala:71) [lift-util_2.9.2-2.5-M3.jar:2.5-M3]
	at net.liftweb.http.CoreRequestVarHandler$$anonfun$apply$16$$anonfun$apply$17.apply(Vars.scala:617) [lift-webkit_2.9.2-2.5-M3.jar:2.5-M3]
	at net.liftweb.util.ThreadGlobal.doWith(ThreadGlobal.scala:71) [lift-util_2.9.2-2.5-M3.jar:2.5-M3]
	at net.liftweb.http.CoreRequestVarHandler$$anonfun$apply$16.apply(Vars.scala:616) [lift-webkit_2.9.2-2.5-M3.jar:2.5-M3]
	at net.liftweb.util.ThreadGlobal.doWith(ThreadGlobal.scala:71) [lift-util_2.9.2-2.5-M3.jar:2.5-M3]
	at net.liftweb.http.CoreRequestVarHandler$class.apply(Vars.scala:615) [lift-webkit_2.9.2-2.5-M3.jar:2.5-M3]
	at net.liftweb.http.TransientRequestVarHandler$.apply(Vars.scala:528) [lift-webkit_2.9.2-2.5-M3.jar:2.5-M3]
	at net.liftweb.http.provider.servlet.ServletFilterProvider$class.doFilter(ServletFilterProvider.scala:74) [lift-webkit_2.9.2-2.5-M3.jar:2.5-M3]
	at net.liftweb.http.LiftFilter.doFilter(LiftServlet.scala:904) [lift-webkit_2.9.2-2.5-M3.jar:2.5-M3]
	at org.eclipse.jetty.servlet.ServletHandler$CachedChain.doFilter(ServletHandler.java:1307) [jetty-servlet-8.1.7.v20120910.jar:8.1.7.v20120910]
	at org.eclipse.jetty.servlet.ServletHandler.doHandle(ServletHandler.java:453) [jetty-servlet-8.1.7.v20120910.jar:8.1.7.v20120910]
	at org.eclipse.jetty.server.handler.ScopedHandler.handle(ScopedHandler.java:137) [jetty-server-8.1.7.v20120910.jar:8.1.7.v20120910]
	at org.eclipse.jetty.security.SecurityHandler.handle(SecurityHandler.java:559) [jetty-security-8.1.7.v20120910.jar:8.1.7.v20120910]
	at org.eclipse.jetty.server.session.SessionHandler.doHandle(SessionHandler.java:231) [jetty-server-8.1.7.v20120910.jar:8.1.7.v20120910]
	at org.eclipse.jetty.server.handler.ContextHandler.doHandle(ContextHandler.java:1072) [jetty-server-8.1.7.v20120910.jar:8.1.7.v20120910]
	at org.eclipse.jetty.servlet.ServletHandler.doScope(ServletHandler.java:382) [jetty-servlet-8.1.7.v20120910.jar:8.1.7.v20120910]
	at org.eclipse.jetty.server.session.SessionHandler.doScope(SessionHandler.java:193) [jetty-server-8.1.7.v20120910.jar:8.1.7.v20120910]
	at org.eclipse.jetty.server.handler.ContextHandler.doScope(ContextHandler.java:1006) [jetty-server-8.1.7.v20120910.jar:8.1.7.v20120910]
	at org.eclipse.jetty.server.handler.ScopedHandler.handle(ScopedHandler.java:135) [jetty-server-8.1.7.v20120910.jar:8.1.7.v20120910]
	at org.eclipse.jetty.server.handler.ContextHandlerCollection.handle(ContextHandlerCollection.java:255) [jetty-server-8.1.7.v20120910.jar:8.1.7.v20120910]
	at org.eclipse.jetty.server.handler.HandlerWrapper.handle(HandlerWrapper.java:116) [jetty-server-8.1.7.v20120910.jar:8.1.7.v20120910]
	at org.eclipse.jetty.server.Server.handle(Server.java:361) [jetty-server-8.1.7.v20120910.jar:8.1.7.v20120910]
	at org.eclipse.jetty.server.AbstractHttpConnection.handleRequest(AbstractHttpConnection.java:485) [jetty-server-8.1.7.v20120910.jar:8.1.7.v20120910]
	at org.eclipse.jetty.server.AbstractHttpConnection.headerComplete(AbstractHttpConnection.java:926) [jetty-server-8.1.7.v20120910.jar:8.1.7.v20120910]
	at org.eclipse.jetty.server.AbstractHttpConnection$RequestHandler.headerComplete(AbstractHttpConnection.java:988) [jetty-server-8.1.7.v20120910.jar:8.1.7.v20120910]
	at org.eclipse.jetty.http.HttpParser.parseNext(HttpParser.java:635) [jetty-http-8.1.7.v20120910.jar:8.1.7.v20120910]
	at org.eclipse.jetty.http.HttpParser.parseAvailable(HttpParser.java:235) [jetty-http-8.1.7.v20120910.jar:8.1.7.v20120910]
	at org.eclipse.jetty.server.AsyncHttpConnection.handle(AsyncHttpConnection.java:82) [jetty-server-8.1.7.v20120910.jar:8.1.7.v20120910]
	at org.eclipse.jetty.io.nio.SelectChannelEndPoint.handle(SelectChannelEndPoint.java:627) [jetty-io-8.1.7.v20120910.jar:8.1.7.v20120910]
	at org.eclipse.jetty.io.nio.SelectChannelEndPoint$1.run(SelectChannelEndPoint.java:51) [jetty-io-8.1.7.v20120910.jar:8.1.7.v20120910]
	at org.eclipse.jetty.util.thread.QueuedThreadPool.runJob(QueuedThreadPool.java:608) [jetty-util-8.1.7.v20120910.jar:8.1.7.v20120910]
	at org.eclipse.jetty.util.thread.QueuedThreadPool$3.run(QueuedThreadPool.java:543) [jetty-util-8.1.7.v20120910.jar:8.1.7.v20120910]
	at java.lang.Thread.run(Thread.java:722) [na:1.7.0_21]
04:40:54.976 INFO  [d.f.a.osm.OsmMap] [] - 1914 ways parsed in 2087 milliseconds
04:40:54.976 INFO  [d.f.a.osm.OsmMap] [] - Computing node ways mapping
04:40:55.196 INFO  [d.f.a.osm.OsmMap] [] - Node ways mapping with 7983 elements computed, took 180 ms
04:40:55.196 INFO  [d.f.a.d.DijkstraService] [akka://AntScout/user/antScout/dijkstra] - Initialized
04:40:55.196 INFO  [d.f.a.antnet.AntMap] [] - Preparing
04:40:55.246 INFO  [d.f.a.antnet.AntMap] [] - Computing ant ways data
04:40:55.346 INFO  [d.f.a.antnet.AntMap] [] - 208 ant ways data computed, took 100 ms
04:40:55.346 INFO  [d.f.a.antnet.AntMap] [] - Computing nodes
04:40:55.356 INFO  [d.f.a.antnet.AntMap] [] - 144 nodes computed
04:40:55.356 INFO  [d.f.a.a.AntNodeSupervisor] [akka://AntScout/user/antScout/antNode] - Initializing
04:40:55.356 INFO  [d.f.a.antnet.JamGen] [akka://AntScout/user/antScout/jamgen] - Initialized
04:40:55.366 INFO  [d.f.a.a.AntNodeSupervisor] [akka://AntScout/user/antScout/antNode] - Initialized
04:40:55.366 INFO  [d.f.a.antnet.AntMap] [] - Computing ant ways
04:40:55.436 INFO  [d.f.a.antnet.AntMap] [] - Ant ways computed
04:40:55.436 INFO  [d.f.a.antnet.AntMap] [] - Computing incoming and outgoing ways
04:40:55.446 INFO  [d.f.a.antnet.AntMap] [] - Incoming and outgoing ways computed
04:40:55.446 INFO  [d.f.a.antnet.AntMap] [] - Computing sources and destinations
04:40:55.456 INFO  [d.f.a.antnet.AntMap] [] - 140 sources and 140 destinations computed, took 0 ms
04:40:59.326 WARN  [d.f.a.c.Statistics] [] - Unknown message: CometName(statistics)
04:40:59.326 WARN  [d.f.a.c.UserInterface] [] - Unknown message: CometName(userInterface)
04:41:05.444 INFO  [d.f.a.dijkstra.Graph] [] - erti: Pfad gefunden
04:41:18.294 INFO  [d.f.a.rest.Rest] [] - Rest: Weg wird geändert!
04:41:18.324 INFO  [d.f.a.rest.Rest] [] - Rest: Dijkstra berechnet Weg neu
04:41:18.334 INFO  [d.f.a.dijkstra.Graph] [] - erti: Pfad gefunden
04:41:28.559 INFO  [d.f.a.rest.Rest] [] - Rest: Weg wird geändert!
04:41:28.559 INFO  [d.f.a.rest.Rest] [] - Rest: Dijkstra berechnet Weg neu
04:41:28.569 INFO  [d.f.a.dijkstra.Graph] [] - erti: Pfad gefunden
04:48:02.733 INFO  [d.f.a.osm.OsmMap] [] - Loading file maps/Altona-Wedel.osm
04:48:02.983 INFO  [d.f.a.osm.OsmMap] [] - Initializing
04:48:02.983 INFO  [d.f.a.osm.OsmMap] [] - Parsing nodes
04:48:03.093 INFO  [d.f.a.osm.OsmMap] [] - 7983 nodes parsed in 110 milliseconds
04:48:03.103 INFO  [d.f.a.osm.OsmMap] [] - Parsing ways
04:48:05.133 INFO  [d.f.a.osm.OsmMap] [] - 1914 ways parsed in 2030 milliseconds
04:48:05.133 INFO  [d.f.a.osm.OsmMap] [] - Computing node ways mapping
04:48:05.363 INFO  [d.f.a.osm.OsmMap] [] - Node ways mapping with 7983 elements computed, took 200 ms
04:48:05.363 INFO  [d.f.a.d.DijkstraService] [akka://AntScout/user/antScout/dijkstra] - Initialized
04:48:05.363 INFO  [d.f.a.antnet.AntMap] [] - Preparing
04:48:05.483 INFO  [d.f.a.antnet.AntMap] [] - Computing ant ways data
04:48:05.583 INFO  [d.f.a.antnet.AntMap] [] - 208 ant ways data computed, took 90 ms
04:48:05.583 INFO  [d.f.a.antnet.AntMap] [] - Computing nodes
04:48:05.583 INFO  [d.f.a.antnet.AntMap] [] - 144 nodes computed
04:48:05.583 INFO  [d.f.a.a.AntNodeSupervisor] [akka://AntScout/user/antScout/antNode] - Initializing
04:48:05.583 INFO  [d.f.a.antnet.JamGen] [akka://AntScout/user/antScout/jamgen] - Initialized
04:48:05.593 INFO  [d.f.a.a.AntNodeSupervisor] [akka://AntScout/user/antScout/antNode] - Initialized
04:48:05.593 INFO  [d.f.a.antnet.AntMap] [] - Computing ant ways
04:48:05.643 INFO  [d.f.a.antnet.AntMap] [] - Ant ways computed
04:48:05.643 INFO  [d.f.a.antnet.AntMap] [] - Computing incoming and outgoing ways
04:48:05.663 INFO  [d.f.a.antnet.AntMap] [] - Incoming and outgoing ways computed
04:48:05.663 INFO  [d.f.a.antnet.AntMap] [] - Computing sources and destinations
04:48:05.663 INFO  [d.f.a.antnet.AntMap] [] - 140 sources and 140 destinations computed, took 0 ms
04:48:06.803 WARN  [d.f.a.c.Statistics] [] - Unknown message: CometName(statistics)
04:48:06.813 WARN  [d.f.a.c.UserInterface] [] - Unknown message: CometName(userInterface)
04:48:11.259 INFO  [d.f.a.dijkstra.Graph] [] - erti: Pfad gefunden
04:48:18.085 INFO  [d.f.a.rest.Rest] [] - Rest: Weg wird geändert!
04:48:18.105 INFO  [d.f.a.rest.Rest] [] - Rest: Dijkstra berechnet Weg neu
04:48:18.115 INFO  [d.f.a.dijkstra.Graph] [] - erti: Pfad gefunden
04:48:30.559 INFO  [d.f.a.rest.Rest] [] - Rest: Weg wird geändert!
04:48:30.559 INFO  [d.f.a.rest.Rest] [] - Rest: Dijkstra berechnet Weg neu
04:48:30.569 INFO  [d.f.a.dijkstra.Graph] [] - erti: Pfad gefunden
04:48:37.482 INFO  [d.f.a.dijkstra.Graph] [] - erti: Pfad gefunden
12:42:21.697 INFO  [d.f.a.osm.OsmMap] [] - Loading file maps/Altona-Wedel.osm
12:42:22.040 INFO  [d.f.a.osm.OsmMap] [] - Initializing
12:42:22.040 INFO  [d.f.a.osm.OsmMap] [] - Parsing nodes
12:42:22.352 INFO  [d.f.a.osm.OsmMap] [] - 7983 nodes parsed in 250 milliseconds
12:42:22.352 INFO  [d.f.a.osm.OsmMap] [] - Parsing ways
12:42:24.881 INFO  [d.f.a.osm.OsmMap] [] - 1914 ways parsed in 2420 milliseconds
12:42:24.881 INFO  [d.f.a.osm.OsmMap] [] - Computing node ways mapping
12:42:25.318 INFO  [d.f.a.osm.OsmMap] [] - Node ways mapping with 7983 elements computed, took 281 ms
12:42:25.380 INFO  [d.f.a.d.DijkstraService] [akka://AntScout/user/antScout/dijkstra] - Initialized
12:42:25.538 INFO  [d.f.a.antnet.AntMap] [] - Preparing
12:42:25.679 INFO  [d.f.a.antnet.AntMap] [] - Computing ant ways data
12:42:26.321 INFO  [d.f.a.antnet.AntMap] [] - 208 ant ways data computed, took 596 ms
12:42:26.337 INFO  [d.f.a.antnet.AntMap] [] - Computing nodes
12:42:26.368 INFO  [d.f.a.antnet.AntMap] [] - 144 nodes computed
12:42:26.384 INFO  [d.f.a.a.AntNodeSupervisor] [akka://AntScout/user/antScout/antNode] - Initializing
12:42:26.446 INFO  [d.f.a.antnet.JamGen] [akka://AntScout/user/antScout/jamgen] - Initialized
12:42:26.508 INFO  [d.f.a.a.AntNodeSupervisor] [akka://AntScout/user/antScout/antNode] - Initialized
12:42:26.555 INFO  [d.f.a.antnet.AntMap] [] - Computing ant ways
12:42:26.742 INFO  [d.f.a.antnet.AntMap] [] - Ant ways computed
12:42:26.836 INFO  [d.f.a.antnet.AntMap] [] - Computing incoming and outgoing ways
12:42:26.883 WARN  [d.f.a.c.Statistics] [] - Unknown message: CometName(statistics)
12:42:27.039 INFO  [d.f.a.antnet.AntMap] [] - Incoming and outgoing ways computed
12:42:27.070 INFO  [d.f.a.antnet.AntMap] [] - Computing sources and destinations
12:42:27.132 INFO  [d.f.a.antnet.AntMap] [] - 140 sources and 140 destinations computed, took 15 ms
12:42:27.351 WARN  [d.f.a.c.UserInterface] [] - Unknown message: CometName(userInterface)
12:42:34.203 INFO  [d.f.a.dijkstra.Graph] [] - erti: Pfad gefunden
12:42:41.256 INFO  [d.f.a.rest.Rest] [] - Rest: Weg wird geändert!
12:42:41.381 INFO  [d.f.a.rest.Rest] [] - Rest: Dijkstra berechnet Weg neu
12:42:41.396 INFO  [d.f.a.dijkstra.Graph] [] - erti: Pfad gefunden
12:42:58.032 INFO  [d.f.a.rest.Rest] [] - Rest: Weg wird geändert!
12:42:58.032 INFO  [d.f.a.rest.Rest] [] - Rest: Dijkstra berechnet Weg neu
12:42:58.048 INFO  [d.f.a.dijkstra.Graph] [] - erti: Pfad gefunden
17:45:08.100 INFO  [d.f.a.osm.OsmMap] [] - Loading file maps/Altona-Wedel.osm
17:45:08.334 INFO  [d.f.a.osm.OsmMap] [] - Initializing
17:45:08.334 INFO  [d.f.a.osm.OsmMap] [] - Parsing nodes
17:45:08.443 INFO  [d.f.a.osm.OsmMap] [] - 7983 nodes parsed in 109 milliseconds
17:45:08.443 INFO  [d.f.a.osm.OsmMap] [] - Parsing ways
17:45:10.409 INFO  [d.f.a.osm.OsmMap] [] - 1914 ways parsed in 1966 milliseconds
17:45:10.409 INFO  [d.f.a.osm.OsmMap] [] - Computing node ways mapping
17:45:10.565 INFO  [d.f.a.osm.OsmMap] [] - Node ways mapping with 7983 elements computed, took 141 ms
17:45:10.580 INFO  [d.f.a.d.DijkstraService] [akka://AntScout/user/antScout/dijkstra] - Initialized
17:45:10.611 INFO  [d.f.a.antnet.AntMap] [] - Preparing
17:45:10.643 INFO  [d.f.a.antnet.AntMap] [] - Computing ant ways data
17:45:10.752 INFO  [d.f.a.antnet.AntMap] [] - 208 ant ways data computed, took 109 ms
17:45:10.752 INFO  [d.f.a.antnet.AntMap] [] - Computing nodes
17:45:10.752 INFO  [d.f.a.antnet.AntMap] [] - 144 nodes computed
17:45:10.752 INFO  [d.f.a.antnet.JamGen] [akka://AntScout/user/antScout/jamgen] - Initialized
17:45:10.752 INFO  [d.f.a.a.AntNodeSupervisor] [akka://AntScout/user/antScout/antNode] - Initializing
17:45:10.767 INFO  [d.f.a.a.AntNodeSupervisor] [akka://AntScout/user/antScout/antNode] - Initialized
17:45:10.783 INFO  [d.f.a.antnet.AntMap] [] - Computing ant ways
17:45:10.830 INFO  [d.f.a.antnet.AntMap] [] - Ant ways computed
17:45:10.830 INFO  [d.f.a.antnet.AntMap] [] - Computing incoming and outgoing ways
17:45:10.845 INFO  [d.f.a.antnet.AntMap] [] - Incoming and outgoing ways computed
17:45:10.845 INFO  [d.f.a.antnet.AntMap] [] - Computing sources and destinations
17:45:10.845 INFO  [d.f.a.antnet.AntMap] [] - 140 sources and 140 destinations computed, took 0 ms
17:45:25.483 WARN  [d.f.a.c.Statistics] [] - Unknown message: CometName(statistics)
17:45:25.499 WARN  [d.f.a.c.UserInterface] [] - Unknown message: CometName(userInterface)
17:45:30.721 INFO  [d.f.a.dijkstra.Graph] [] - erti: Pfad gefunden
17:45:36.680 INFO  [d.f.a.rest.Rest] [] - Rest: Weg wird geändert!
17:45:36.712 INFO  [d.f.a.rest.Rest] [] - Rest: Dijkstra berechnet Weg neu
17:45:36.712 INFO  [d.f.a.dijkstra.Graph] [] - erti: Pfad gefunden
17:47:04.630 INFO  [d.f.a.osm.OsmMap] [] - Loading file maps/Altona-Wedel.osm
17:47:04.879 INFO  [d.f.a.osm.OsmMap] [] - Initializing
17:47:04.895 INFO  [d.f.a.osm.OsmMap] [] - Parsing nodes
17:47:05.004 INFO  [d.f.a.osm.OsmMap] [] - 7983 nodes parsed in 109 milliseconds
17:47:05.004 INFO  [d.f.a.osm.OsmMap] [] - Parsing ways
17:47:06.704 INFO  [d.f.a.osm.OsmMap] [] - 1914 ways parsed in 1685 milliseconds
17:47:06.704 INFO  [d.f.a.osm.OsmMap] [] - Computing node ways mapping
