02:41:41.077 INFO  [d.f.a.osm.OsmMap] [] - Loading file maps/Altona-Wedel.osm
02:41:41.405 INFO  [d.f.a.osm.OsmMap] [] - Initializing
02:41:41.436 INFO  [d.f.a.osm.OsmMap] [] - Parsing nodes
02:41:41.670 INFO  [d.f.a.osm.OsmMap] [] - 7983 nodes parsed in 203 milliseconds
02:41:41.701 INFO  [d.f.a.osm.OsmMap] [] - Parsing ways
02:41:44.214 INFO  [d.f.a.osm.OsmMap] [] - 1914 ways parsed in 2403 milliseconds
02:41:44.214 INFO  [d.f.a.osm.OsmMap] [] - Computing node ways mapping
02:41:44.542 INFO  [d.f.a.osm.OsmMap] [] - Node ways mapping with 7983 elements computed, took 250 ms
02:41:44.557 INFO  [d.f.a.r.RoutingService] [akka://AntScout/user/antScout/routingService] - Initialized
02:41:44.621 INFO  [d.f.a.d.DijkstraService] [akka://AntScout/user/antScout/dijkstra] - Initialized
02:41:44.777 INFO  [d.f.a.antnet.AntMap] [] - Preparing
02:41:44.886 INFO  [d.f.a.antnet.AntMap] [] - Computing ant ways data
02:41:45.650 INFO  [d.f.a.antnet.AntMap] [] - 208 ant ways data computed, took 734 ms
02:41:45.681 INFO  [d.f.a.antnet.AntMap] [] - Computing nodes
02:41:45.713 INFO  [d.f.a.antnet.AntMap] [] - 144 nodes computed
02:41:45.775 INFO  [d.f.a.a.AntNodeSupervisor] [akka://AntScout/user/antScout/antNode] - Initializing
02:41:45.870 INFO  [d.f.a.a.AntNodeSupervisor] [akka://AntScout/user/antScout/antNode] - Initialized
02:41:45.948 INFO  [d.f.a.antnet.AntMap] [] - Computing ant ways
02:41:46.119 INFO  [d.f.a.antnet.AntMap] [] - Ant ways computed
02:41:46.150 INFO  [d.f.a.antnet.AntMap] [] - Computing incoming and outgoing ways
02:41:46.338 INFO  [d.f.a.antnet.AntMap] [] - Incoming and outgoing ways computed
02:41:46.353 INFO  [d.f.a.antnet.AntMap] [] - Computing sources and destinations
02:41:46.400 INFO  [d.f.a.antnet.AntMap] [] - 140 sources and 140 destinations computed, took 31 ms
02:41:46.431 INFO  [d.f.a.a.AntNodeSupervisor] [akka://AntScout/user/antScout/antNode] - Initializing nodes
02:41:46.774 INFO  [d.f.a.antnet.AntMap] [] - Calculating shortest paths
02:41:47.476 INFO  [d.f.a.antnet.AntMap] [] - Shortest paths calculated, took 577 ms
02:41:48.178 INFO  [d.f.a.a.AntNodeSupervisor] [akka://AntScout/user/antScout/antNode] - Nodes initialized
02:42:46.857 INFO  [d.f.a.osm.OsmMap] [] - Loading file maps/Altona-Wedel.osm
02:42:47.122 INFO  [d.f.a.osm.OsmMap] [] - Initializing
02:42:47.122 INFO  [d.f.a.osm.OsmMap] [] - Parsing nodes
02:42:47.247 INFO  [d.f.a.osm.OsmMap] [] - 7983 nodes parsed in 125 milliseconds
02:42:47.247 INFO  [d.f.a.osm.OsmMap] [] - Parsing ways
02:42:48.932 INFO  [d.f.a.osm.OsmMap] [] - 1914 ways parsed in 1685 milliseconds
02:42:48.932 INFO  [d.f.a.osm.OsmMap] [] - Computing node ways mapping
02:42:49.197 INFO  [d.f.a.osm.OsmMap] [] - Node ways mapping with 7983 elements computed, took 187 ms
02:42:49.197 INFO  [d.f.a.r.RoutingService] [akka://AntScout/user/antScout/routingService] - Initialized
02:42:49.213 INFO  [d.f.a.d.DijkstraService] [akka://AntScout/user/antScout/dijkstra] - Initialized
02:42:49.213 INFO  [d.f.a.antnet.AntMap] [] - Preparing
02:42:49.259 INFO  [d.f.a.antnet.AntMap] [] - Computing ant ways data
02:42:49.384 INFO  [d.f.a.antnet.AntMap] [] - 208 ant ways data computed, took 110 ms
02:42:49.384 INFO  [d.f.a.antnet.AntMap] [] - Computing nodes
02:42:49.384 INFO  [d.f.a.antnet.AntMap] [] - 144 nodes computed
02:42:49.384 INFO  [d.f.a.a.AntNodeSupervisor] [akka://AntScout/user/antScout/antNode] - Initializing
02:42:49.384 INFO  [d.f.a.a.AntNodeSupervisor] [akka://AntScout/user/antScout/antNode] - Initialized
02:42:49.384 INFO  [d.f.a.antnet.AntMap] [] - Computing ant ways
02:42:49.447 INFO  [d.f.a.antnet.AntMap] [] - Ant ways computed
02:42:49.447 INFO  [d.f.a.antnet.AntMap] [] - Computing incoming and outgoing ways
02:42:49.462 INFO  [d.f.a.antnet.AntMap] [] - Incoming and outgoing ways computed
02:42:49.462 INFO  [d.f.a.antnet.AntMap] [] - Computing sources and destinations
02:42:49.462 INFO  [d.f.a.antnet.AntMap] [] - 140 sources and 140 destinations computed, took 0 ms
02:42:49.462 INFO  [d.f.a.a.AntNodeSupervisor] [akka://AntScout/user/antScout/antNode] - Initializing nodes
02:42:49.618 INFO  [d.f.a.antnet.AntMap] [] - Calculating shortest paths
02:42:49.961 INFO  [d.f.a.antnet.AntMap] [] - Shortest paths calculated, took 327 ms
02:42:50.384 INFO  [d.f.a.a.AntNodeSupervisor] [akka://AntScout/user/antScout/antNode] - Nodes initialized
02:48:38.784 INFO  [d.f.a.osm.OsmMap] [] - Loading file maps/Altona-Wedel.osm
02:48:39.049 INFO  [d.f.a.osm.OsmMap] [] - Initializing
02:48:39.049 INFO  [d.f.a.osm.OsmMap] [] - Parsing nodes
02:48:39.174 INFO  [d.f.a.osm.OsmMap] [] - 7983 nodes parsed in 125 milliseconds
02:48:39.174 INFO  [d.f.a.osm.OsmMap] [] - Parsing ways
02:48:40.881 INFO  [d.f.a.osm.OsmMap] [] - 1914 ways parsed in 1707 milliseconds
02:48:40.881 INFO  [d.f.a.osm.OsmMap] [] - Computing node ways mapping
02:48:41.110 INFO  [d.f.a.osm.OsmMap] [] - Node ways mapping with 7983 elements computed, took 182 ms
02:48:41.110 INFO  [d.f.a.r.RoutingService] [akka://AntScout/user/antScout/routingService] - Initialized
02:48:41.110 INFO  [d.f.a.d.DijkstraService] [akka://AntScout/user/antScout/dijkstra] - Initialized
02:48:41.110 INFO  [d.f.a.antnet.AntMap] [] - Preparing
02:48:41.156 INFO  [d.f.a.antnet.AntMap] [] - Computing ant ways data
02:48:41.281 INFO  [d.f.a.antnet.AntMap] [] - 208 ant ways data computed, took 125 ms
02:48:41.281 INFO  [d.f.a.antnet.AntMap] [] - Computing nodes
02:48:41.281 INFO  [d.f.a.antnet.AntMap] [] - 144 nodes computed
02:48:41.281 INFO  [d.f.a.a.AntNodeSupervisor] [akka://AntScout/user/antScout/antNode] - Initializing
02:48:41.297 INFO  [d.f.a.a.AntNodeSupervisor] [akka://AntScout/user/antScout/antNode] - Initialized
02:48:41.297 INFO  [d.f.a.antnet.AntMap] [] - Computing ant ways
02:48:41.344 INFO  [d.f.a.antnet.AntMap] [] - Ant ways computed
02:48:41.344 INFO  [d.f.a.antnet.AntMap] [] - Computing incoming and outgoing ways
02:48:41.359 INFO  [d.f.a.antnet.AntMap] [] - Incoming and outgoing ways computed
02:48:41.359 INFO  [d.f.a.antnet.AntMap] [] - Computing sources and destinations
02:48:41.359 INFO  [d.f.a.antnet.AntMap] [] - 140 sources and 140 destinations computed, took 0 ms
02:48:41.359 INFO  [d.f.a.a.AntNodeSupervisor] [akka://AntScout/user/antScout/antNode] - Initializing nodes
02:48:41.531 INFO  [d.f.a.antnet.AntMap] [] - Calculating shortest paths
02:48:41.874 INFO  [d.f.a.antnet.AntMap] [] - Shortest paths calculated, took 328 ms
02:48:42.297 INFO  [d.f.a.a.AntNodeSupervisor] [akka://AntScout/user/antScout/antNode] - Nodes initialized
02:49:10.649 WARN  [d.f.a.c.Statistics] [] - Unknown message: CometName(statistics)
02:49:11.522 WARN  [d.f.a.c.UserInterface] [] - Unknown message: CometName(userInterface)
03:06:53.658 INFO  [d.f.a.osm.OsmMap] [] - Loading file maps/Altona-Wedel.osm
03:06:53.923 INFO  [d.f.a.osm.OsmMap] [] - Initializing
03:06:53.939 INFO  [d.f.a.osm.OsmMap] [] - Parsing nodes
03:06:54.048 INFO  [d.f.a.osm.OsmMap] [] - 7983 nodes parsed in 109 milliseconds
03:06:54.048 INFO  [d.f.a.osm.OsmMap] [] - Parsing ways
03:06:55.718 INFO  [d.f.a.osm.OsmMap] [] - 1914 ways parsed in 1670 milliseconds
03:06:55.718 INFO  [d.f.a.osm.OsmMap] [] - Computing node ways mapping
03:06:55.937 INFO  [d.f.a.osm.OsmMap] [] - Node ways mapping with 7983 elements computed, took 172 ms
03:06:55.937 INFO  [d.f.a.r.RoutingService] [akka://AntScout/user/antScout/routingService] - Initialized
03:06:55.937 INFO  [d.f.a.d.DijkstraService] [akka://AntScout/user/antScout/dijkstra] - Initialized
03:06:55.952 INFO  [d.f.a.antnet.AntMap] [] - Preparing
03:06:55.984 INFO  [d.f.a.antnet.AntMap] [] - Computing ant ways data
03:06:56.093 INFO  [d.f.a.antnet.AntMap] [] - 208 ant ways data computed, took 109 ms
03:06:56.093 INFO  [d.f.a.antnet.AntMap] [] - Computing nodes
03:06:56.093 INFO  [d.f.a.antnet.AntMap] [] - 144 nodes computed
03:06:56.093 INFO  [d.f.a.a.AntNodeSupervisor] [akka://AntScout/user/antScout/antNode] - Initializing
03:06:56.108 INFO  [d.f.a.a.AntNodeSupervisor] [akka://AntScout/user/antScout/antNode] - Initialized
03:06:56.108 INFO  [d.f.a.antnet.AntMap] [] - Computing ant ways
03:06:56.202 INFO  [d.f.a.antnet.AntMap] [] - Ant ways computed
03:06:56.202 INFO  [d.f.a.antnet.AntMap] [] - Computing incoming and outgoing ways
03:06:56.233 INFO  [d.f.a.antnet.AntMap] [] - Incoming and outgoing ways computed
03:06:56.233 INFO  [d.f.a.antnet.AntMap] [] - Computing sources and destinations
03:06:56.233 INFO  [d.f.a.antnet.AntMap] [] - 140 sources and 140 destinations computed, took 0 ms
03:06:56.233 INFO  [d.f.a.a.AntNodeSupervisor] [akka://AntScout/user/antScout/antNode] - Initializing nodes
03:06:56.389 INFO  [d.f.a.antnet.AntMap] [] - Calculating shortest paths
03:06:56.842 INFO  [d.f.a.antnet.AntMap] [] - Shortest paths calculated, took 453 ms
03:06:57.247 INFO  [d.f.a.a.AntNodeSupervisor] [akka://AntScout/user/antScout/antNode] - Nodes initialized
03:07:20.868 WARN  [d.f.a.c.Statistics] [] - Unknown message: CometName(statistics)
03:07:20.868 WARN  [d.f.a.c.UserInterface] [] - Unknown message: CometName(userInterface)
03:08:42.450 INFO  [b.liftweb.Boot] [] - Shutting down
03:08:42.466 ERROR [n.l.h.p.s.c.Servlet30AsyncProvider] [] - Servlet 3.0 Async: Couldn't resume thread
java.lang.NullPointerException: null
	at net.liftweb.http.provider.servlet.containers.Servlet30AsyncProvider.resume(Servlet30AsyncProvider.scala:114) ~[lift-webkit_2.9.2-2.5-M3.jar:2.5-M3]
	at net.liftweb.http.provider.servlet.HTTPRequestServlet.resume(HTTPRequestServlet.scala:163) [lift-webkit_2.9.2-2.5-M3.jar:2.5-M3]
	at net.liftweb.http.LiftServlet$$anonfun$15.apply(LiftServlet.scala:683) [lift-webkit_2.9.2-2.5-M3.jar:2.5-M3]
	at net.liftweb.http.LiftServlet$$anonfun$15.apply(LiftServlet.scala:683) [lift-webkit_2.9.2-2.5-M3.jar:2.5-M3]
	at net.liftweb.http.LiftServlet$ContinuationActor$$anonfun$messageHandler$1.apply(LiftServlet.scala:669) [lift-webkit_2.9.2-2.5-M3.jar:2.5-M3]
	at net.liftweb.http.LiftServlet$ContinuationActor$$anonfun$messageHandler$1.apply(LiftServlet.scala:651) [lift-webkit_2.9.2-2.5-M3.jar:2.5-M3]
	at net.liftweb.actor.LiftActor$class.execTranslate(LiftActor.scala:441) [lift-actor_2.9.2-2.5-M3.jar:2.5-M3]
	at net.liftweb.http.LiftServlet$ContinuationActor.execTranslate(LiftServlet.scala:644) [lift-webkit_2.9.2-2.5-M3.jar:2.5-M3]
	at net.liftweb.actor.SpecializedLiftActor$class.net$liftweb$actor$SpecializedLiftActor$$proc2(LiftActor.scala:289) [lift-actor_2.9.2-2.5-M3.jar:2.5-M3]
	at net.liftweb.actor.SpecializedLiftActor$$anonfun$net$liftweb$actor$SpecializedLiftActor$$processMailbox$1.apply$mcV$sp(LiftActor.scala:210) [lift-actor_2.9.2-2.5-M3.jar:2.5-M3]
	at net.liftweb.actor.SpecializedLiftActor$$anonfun$net$liftweb$actor$SpecializedLiftActor$$processMailbox$1.apply(LiftActor.scala:210) [lift-actor_2.9.2-2.5-M3.jar:2.5-M3]
	at net.liftweb.actor.SpecializedLiftActor$$anonfun$net$liftweb$actor$SpecializedLiftActor$$processMailbox$1.apply(LiftActor.scala:210) [lift-actor_2.9.2-2.5-M3.jar:2.5-M3]
	at net.liftweb.actor.SpecializedLiftActor$class.around(LiftActor.scala:224) [lift-actor_2.9.2-2.5-M3.jar:2.5-M3]
	at net.liftweb.http.LiftServlet$ContinuationActor.around(LiftServlet.scala:644) [lift-webkit_2.9.2-2.5-M3.jar:2.5-M3]
	at net.liftweb.actor.SpecializedLiftActor$class.net$liftweb$actor$SpecializedLiftActor$$processMailbox(LiftActor.scala:209) [lift-actor_2.9.2-2.5-M3.jar:2.5-M3]
	at net.liftweb.actor.SpecializedLiftActor$$anonfun$2$$anonfun$apply$mcV$sp$1.apply$mcV$sp(LiftActor.scala:173) [lift-actor_2.9.2-2.5-M3.jar:2.5-M3]
	at net.liftweb.actor.LAScheduler$$anonfun$9$$anon$2$$anon$3.run(LiftActor.scala:64) [lift-actor_2.9.2-2.5-M3.jar:2.5-M3]
	at java.util.concurrent.ThreadPoolExecutor.runWorker(ThreadPoolExecutor.java:1145) [na:1.7.0_21]
	at java.util.concurrent.ThreadPoolExecutor$Worker.run(ThreadPoolExecutor.java:615) [na:1.7.0_21]
	at java.lang.Thread.run(Thread.java:722) [na:1.7.0_21]
03:08:42.545 DEBUG [a.event.EventStream] [EventStream] - shutting down: StandardOutLogger started
16:53:33.459 INFO  [d.f.a.osm.OsmMap] [] - Loading file maps/Altona-Wedel.osm
16:53:33.771 INFO  [d.f.a.osm.OsmMap] [] - Initializing
16:53:33.817 INFO  [d.f.a.osm.OsmMap] [] - Parsing nodes
16:53:34.207 INFO  [d.f.a.osm.OsmMap] [] - 7983 nodes parsed in 359 milliseconds
16:53:34.207 INFO  [d.f.a.osm.OsmMap] [] - Parsing ways
16:53:36.490 INFO  [d.f.a.osm.OsmMap] [] - 1914 ways parsed in 2189 milliseconds
16:53:36.490 INFO  [d.f.a.osm.OsmMap] [] - Computing node ways mapping
16:53:36.833 INFO  [d.f.a.osm.OsmMap] [] - Node ways mapping with 7983 elements computed, took 234 ms
16:53:36.849 INFO  [d.f.a.r.RoutingService] [akka://AntScout/user/antScout/routingService] - Initialized
16:53:36.911 INFO  [d.f.a.d.DijkstraService] [akka://AntScout/user/antScout/dijkstra] - Initialized
16:53:37.052 INFO  [d.f.a.antnet.AntMap] [] - Preparing
16:53:37.145 INFO  [d.f.a.antnet.AntMap] [] - Computing ant ways data
16:53:37.925 INFO  [d.f.a.antnet.AntMap] [] - 208 ant ways data computed, took 718 ms
16:53:37.941 INFO  [d.f.a.antnet.AntMap] [] - Computing nodes
16:53:37.972 INFO  [d.f.a.antnet.AntMap] [] - 144 nodes computed
16:53:38.034 INFO  [d.f.a.a.AntNodeSupervisor] [akka://AntScout/user/antScout/antNode] - Initializing
16:53:38.097 INFO  [d.f.a.a.AntNodeSupervisor] [akka://AntScout/user/antScout/antNode] - Initialized
16:53:38.128 INFO  [d.f.a.antnet.AntMap] [] - Computing ant ways
16:53:38.315 INFO  [d.f.a.antnet.AntMap] [] - Ant ways computed
16:53:38.362 INFO  [d.f.a.antnet.AntMap] [] - Computing incoming and outgoing ways
16:53:38.534 INFO  [d.f.a.antnet.AntMap] [] - Incoming and outgoing ways computed
16:53:38.549 INFO  [d.f.a.antnet.AntMap] [] - Computing sources and destinations
16:53:38.596 INFO  [d.f.a.antnet.AntMap] [] - 140 sources and 140 destinations computed, took 16 ms
16:53:38.627 INFO  [d.f.a.a.AntNodeSupervisor] [akka://AntScout/user/antScout/antNode] - Initializing nodes
16:53:38.970 INFO  [d.f.a.antnet.AntMap] [] - Calculating shortest paths
16:53:39.906 INFO  [d.f.a.antnet.AntMap] [] - Shortest paths calculated, took 843 ms
16:53:40.596 INFO  [d.f.a.a.AntNodeSupervisor] [akka://AntScout/user/antScout/antNode] - Nodes initialized
16:53:41.813 WARN  [d.f.a.c.Statistics] [] - Unknown message: CometName(statistics)
16:53:41.984 WARN  [d.f.a.c.UserInterface] [] - Unknown message: CometName(userInterface)
16:54:30.113 INFO  [b.liftweb.Boot] [] - Shutting down
16:54:30.225 DEBUG [a.event.EventStream] [EventStream] - shutting down: StandardOutLogger started
