00:27:24.313 INFO  [d.f.a.osm.OsmMap] [] - Loading file maps/Altona-Kreis.osm
00:27:24.498 INFO  [d.f.a.osm.OsmMap] [] - Initializing
00:27:24.500 INFO  [d.f.a.osm.OsmMap] [] - Parsing nodes
00:27:24.528 INFO  [d.f.a.osm.OsmMap] [] - 230 nodes parsed in 20 milliseconds
00:27:24.529 INFO  [d.f.a.osm.OsmMap] [] - Parsing ways
00:27:24.552 WARN  [d.f.a.osm.OsmWay] [] - Way 33891761: unknown max speed "5 mph"
00:27:24.553 WARN  [d.f.a.osm.OsmWay] [] - Way 33891763: unknown max speed "5 mph"
00:27:24.571 INFO  [d.f.a.osm.OsmMap] [] - 71 ways parsed in 40 milliseconds
00:27:24.572 INFO  [d.f.a.osm.OsmMap] [] - Computing node ways mapping
00:27:24.665 INFO  [d.f.a.osm.OsmMap] [] - Node ways mapping with 230 elements computed, took 84 ms
00:27:24.667 INFO  [d.f.a.d.DijkstraService] [akka://AntScout/user/antScout/dijkstra] - Initialized
00:27:24.670 INFO  [d.f.a.antnet.AntMap] [] - Preparing
00:27:24.700 INFO  [d.f.a.antnet.AntMap] [] - Computing ant ways data
00:27:24.712 INFO  [d.f.a.antnet.AntMap] [] - 16 ant ways data computed, took 11 ms
00:27:24.712 INFO  [d.f.a.antnet.AntMap] [] - Computing nodes
00:27:24.713 INFO  [d.f.a.antnet.AntMap] [] - 14 nodes computed
00:27:24.714 INFO  [d.f.a.a.AntNodeSupervisor] [akka://AntScout/user/antScout/antNode] - Initializing
00:27:24.718 INFO  [d.f.a.a.AntNodeSupervisor] [akka://AntScout/user/antScout/antNode] - Initialized
00:27:24.719 INFO  [d.f.a.antnet.AntMap] [] - Computing ant ways
00:27:24.753 INFO  [d.f.a.antnet.AntMap] [] - Ant ways computed
00:27:24.754 INFO  [d.f.a.antnet.AntMap] [] - Computing incoming and outgoing ways
00:27:24.757 INFO  [d.f.a.antnet.AntMap] [] - Incoming and outgoing ways computed
00:27:24.757 INFO  [d.f.a.antnet.AntMap] [] - Computing sources and destinations
00:27:24.758 INFO  [d.f.a.antnet.AntMap] [] - 12 sources and 12 destinations computed, took 0 ms
00:27:24.760 INFO  [d.f.a.antnet.JamGen] [akka://AntScout/user/antScout/jamgen] - Initialized
